Madeline
Harper
Melody
Athena
Savannah
Victoria
Adalynn
Rylee
Emily
Luna
Maria
Raelynn
Kinsley
Claire
Brielle
Aaliyah
Willow
Stella
Anna
Eleanor
Julia
Sophia
Eva
Sadie
Elizabeth
Madison
Aurora
Vivian
Sarah
Hazel
Reagan
Mila
Hannah
Ava
Everleigh
Paisley
Liliana
Amelia
Nevaeh
Evelyn
Quinn
Lydia
Lily
Allison
Lyla
Natalie
Bella
Leah
Ariana
Emma
Eliza
Peyton
Gianna
Eliana
Ruby
Natalia
Ellie
Naomi
Nova
Lillian
Hadley
Maya
Emery
Lucy
Kennedy
Clara
Violet
Zoey
Aubrey
Leilani
Josephine
Zoe
Brooklyn
Addison
Camila
Valentina
Olivia
Charlotte
Layla
Delilah
Rose
Chloe
Caroline
Abigail
Everly
Isla
Serenity
Ella
Cora
Samantha
Ivy
Autumn
Elena
Scarlett
Piper
Audrey
Riley
Gabriella
Skylar
Nora
