Ivy
Brielle
Eleanor
Mila
Lillian
Sophia
Scarlett
Isla
Claire
Nevaeh
Zoey
Melody
Lucy
Violet
Lydia
Aria
Emilia
Madelyn
Kaylee
Stella
Ariana
Hailey
Vivian
Eliana
Willow
Leah
Reagan
Paisley
Luna
Raelynn
Madison
Hazel
Anna
Alice
Samantha
Kennedy
Aurora
Jade
Delilah
Eliza
Everly
Rylee
Camila
Elena
Ellie
Natalia
Nora
Kinsley
Skylar
Lily
Allison
Peyton
Zoe
Clara
Maya
Sophie
Serenity
Mia
Autumn
Aubrey
Maria
Addison
Madeline
Liliana
Everleigh
Emma
Melanie
Josephine
Quinn
Harper
Bella
Olivia
Emily
Piper
Grace
Charlotte
Arya
Ava
Emery
Evelyn
Julia
Riley
Cora
Brooklyn
Penelope
Chloe
Hannah
Savannah
Nova
Layla
Caroline
Hadley
Sofia
Lyla
Abigail
Avery
Elizabeth
Natalie
Leilani
Rose
