Lydia
Penelope
Sophia
Zoe
Caroline
Emery
Luna
Sofia
Skylar
Autumn
Mila
Sarah
Elena
Chloe
Adeline
Hannah
Claire
Serenity
Charlotte
Aurora
Nevaeh
Avery
Jade
Savannah
Hazel
Lucy
Ivy
Madeline
Alice
Lily
Amelia
Brooklyn
Zoey
Everly
Genesis
Naomi
Stella
Emma
Delilah
Evelyn
Leilani
Violet
Grace
Maya
Hailey
Peyton
Cora
Audrey
Natalia
Madison
Nora
Eva
Harper
Camila
Emilia
Elizabeth
Quinn
Kinsley
Piper
Eleanor
Natalie
Ariana
Leah
Ruby
Samantha
Paisley
Ava
Anna
Kennedy
Aria
Isla
Ellie
Sadie
Olivia
Bella
Josephine
Allison
Isabella
Emily
Eliana
Everleigh
Aaliyah
Layla
Riley
Addison
Scarlett
Mia
Willow
Madelyn
Nova
Ella
Sophie
Lillian
Gabriella
Victoria
Gianna
Valentina
Abigail
Brielle
Aubrey
