Brielle
Zoe
Emery
Zoey
Luna
Chloe
Layla
Maya
Lucy
Samantha
Sophie
Riley
Penelope
Emma
Caroline
Aurora
Charlotte
Peyton
Quinn
Madison
Leah
Amelia
Addison
Lydia
Emilia
Ariana
Scarlett
Natalie
Bella
Nevaeh
Aria
Eliana
Josephine
Leilani
Claire
Emily
Eva
Piper
Harper
Abigail
Elizabeth
Grace
Sofia
Lily
Adeline
Jade
Madeline
Camila
Aaliyah
Cora
Eleanor
Savannah
Allison
Hailey
Sophia
Gabriella
Isabella
Ella
Alice
Genesis
Sarah
Nova
Delilah
Kinsley
Mia
Ava
Serenity
Elena
Madelyn
Anna
Skylar
Natalia
Paisley
Hannah
Ivy
Audrey
Gianna
Nora
Brooklyn
Willow
Mila
Isla
Kennedy
Everleigh
Lillian
Hazel
Valentina
Victoria
Stella
Aubrey
Avery
Naomi
Violet
Olivia
Evelyn
Everly
Ellie
Ruby
Autumn
Sadie
