Stella
Avery
Elena
Jade
Sophie
Bella
Brooklyn
Josephine
Camila
Lily
Emily
Amelia
Harper
Natalia
Lillian
Sarah
Eleanor
Aurora
Madeline
Genesis
Hailey
Adeline
Everly
Caroline
Naomi
Paisley
Aria
Nora
Penelope
Sophia
Mia
Charlotte
Natalie
Aubrey
Hazel
Zoey
Ellie
Addison
Emilia
Grace
Audrey
Serenity
Sadie
Chloe
Maya
Hannah
Kinsley
Victoria
Anna
Madison
Ariana
Emery
Delilah
Skylar
Scarlett
Emma
Leilani
Allison
Ava
Valentina
Kennedy
Peyton
Quinn
Abigail
Brielle
Cora
Lucy
Ivy
Isla
Mila
Gianna
Madelyn
Willow
Leah
Luna
Autumn
Alice
Nevaeh
Riley
Olivia
Lydia
Samantha
Zoe
Elizabeth
Isabella
Gabriella
Piper
Claire
Violet
Aaliyah
Sofia
Savannah
Evelyn
Nova
Eva
Ruby
Layla
Eliana
Ella
Everleigh
