5900 1
6982 501
7748 251
646 751
528 126
6156 376
4598 626
174 876
2303 63
44 188
4956 313
7733 438
8895 563
1732 688
4501 813
4314 938
8538 94
4457 219
4938 344
3914 469
3984 594
2206 719
2833 844
3228 969
5100 32
1658 157
759 282
1757 407
5438 532
9198 657
6024 782
6480 907
1398 110
3995 235
5622 360
2310 485
2381 610
3213 735
7580 860
3576 985
1624 16
7009 47
4775 78
5508 141
3236 172
848 203
135 266
3139 297
165 328
6401 391
5626 422
8992 453
3639 516
3842 547
6813 578
6762 641
7631 672
7400 703
2163 766
1382 797
681 828
4062 891
4777 922
4160 953
5587 24
2516 55
7932 86
2730 102
36 118
6723 149
6668 180
627 211
5362 227
1859 243
2925 274
1579 305
2406 336
2911 352
8504 368
5493 399
1444 430
3202 461
2028 477
9205 493
2382 524
7880 555
3107 586
8742 602
9301 618
6399 649
8009 680
9902 711
4532 727
9122 743
3929 336
6157 774
1956 805
1568 836
1253 852
1610 868
2122 899
6465 930
7863 961
8342 977
8674 993
8529 8
1488 39
88 70
2416 133
547 164
5765 195
9817 258
876 289
2121 320
5972 383
6613 414
1572 445
7739 508
9546 539
7724 570
5852 633
2409 664
7399 695
5510 758
3031 789
9019 820
4411 883
7759 914
3760 945
2525 12
5227 20
7288 28
2448 43
4927 51
1463 59
3197 74
3109 82
1763 90
2474 98
6461 106
1674 114
7448 122
2673 137
6072 430
6484 145
2342 153
9956 168
8365 176
8447 184
9679 199
8716 207
5544 215
626 223
80 231
3108 239
7760 247
1251 262
7572 270
4040 278
1711 293
7530 301
1858 309
940 324
2828 332
9511 340
5959 348
8364 356
1576 364
6472 372
1136 387
5813 395
1734 403
6374 418
3089 426
8970 172
5738 434
1396 449
2820 457
4804 465
6240 473
594 481
9359 489
4373 497
7882 512
5186 520
1919 528
2284 543
168 551
4150 559
2118 574
5699 582
1254 590
8800 598
5823 606
2929 614
7982 622
4529 637
9108 645
1890 653
8946 668
5694 676
6858 684
7559 699
5593 707
3508 715
3356 723
577 731
4609 739
9040 747
9328 762
714 770
7187 778
703 793
9563 801
9408 809
5557 824
7873 832
2978 840
9097 848
8513 856
8323 864
5490 872
1793 887
6626 895
2958 903
4953 918
469 926
8572 934
6469 949
957 957
6528 965
7505 973
7928 981
7755 989
1487 997
2356 4
3182 35
6159 66
9655 129
1314 160
4354 191
614 254
7121 285
5131 316
5816 379
8183 410
4408 441
5257 504
764 535
2714 566
1775 629
76 660
1512 691
5941 754
2595 785
4773 816
7256 879
4268 910
1992 941
3524 6
5072 10
251 14
3751 18
1106 22
8446 26
8798 30
6580 37
2499 41
2620 45
3892 49
8531 53
3652 57
3117 61
5814 68
381 72
7049 76
4934 80
7153 84
3030 88
9338 92
2016 96
8862 100
8143 104
4977 108
106 112
4581 116
9376 120
9556 124
1699 131
3116 135
1304 139
4575 143
7438 147
3974 151
6143 155
8622 162
9179 754
1192 166
4841 170
6319 174
7161 178
3333 182
5196 186
2263 193
2716 197
5467 201
4648 205
6680 209
9827 213
6954 217
8597 221
2357 225
7761 229
5163 233
2900 237
8961 241
9969 245
4460 249
4700 256
1589 260
355 264
9549 268
3238 272
5060 276
3343 348
8598 280
1075 287
6193 291
1262 295
9850 299
1529 303
9784 223
7661 307
1168 311
3587 318
9210 322
5757 326
1234 330
1946 334
8044 338
1621 342
6447 346
4094 350
7479 354
9029 358
3076 362
5721 366
7909 370
3487 374
3926 381
3224 385
4729 389
3423 393
4061 397
4288 401
1971 405
5380 412
9346 416
2247 420
1287 424
3599 428
5349 432
7546 436
1900 443
7379 447
7645 451
3455 455
4166 459
9269 463
6873 467
1549 471
8378 475
9685 479
8558 483
2192 487
7126 491
9842 495
3861 499
5917 506
3341 510
270 514
9576 518
1367 522
447 526
7016 530
7229 537
2770 541
1970 545
5812 549
1360 553
415 586
6499 557
4858 561
9316 568
4332 572
3349 576
1915 580
2681 584
9654 588
7002 592
6505 596
3351 600
3656 604
3025 608
68 695
6511 612
784 616
6200 620
7225 624
5414 631
2465 635
9201 639
5097 643
4513 647
7198 651
331 655
1425 937
8887 241
8662 662
113 666
9339 670
8495 674
5536 678
1263 682
2270 686
9317 604
2224 693
7555 697
6557 701
1856 705
9706 709
7892 713
3375 717
5496 721
7113 725
5178 729
1746 733
1978 737
3232 741
7123 745
7214 749
8838 756
5969 760
304 764
6321 768
4628 772
8778 776
2749 780
8691 787
4267 209
2968 791
1744 795
4028 799
1801 803
4681 807
7727 811
9821 818
124 822
5665 826
741 830
5888 834
9406 838
709 842
511 846
8773 850
5160 199
4781 854
9054 858
7372 862
8787 866
462 870
5885 874
5591 881
4351 885
7399 889
4346 893
4995 897
1300 901
3021 905
990 912
1141 793
3531 916
4325 920
2501 924
3420 928
6991 932
8127 939
5455 943
6914 947
7668 951
9635 955
4615 959
3511 963
9033 967
411 971
1632 975
4929 979
2176 983
9744 987
7188 991
1406 995
3948 999
2143 2
5724 33
514 64
2611 844
4922 945
652 127
7743 70
1199 158
5586 189
4095 252
2154 283
189 314
3596 377
5860 408
835 439
1949 502
6900 533
6868 564
3204 627
5743 658
9012 689
2069 752
8184 783
2235 814
77 877
7814 908
2113 935
2666 3
8089 5
4026 7
7139 9
3866 997
4726 11
3431 981
