2661 1
8437 2501
6161 1251
6436 3751
5394 626
3000 1876
2625 3126
3419 4376
6584 313
9798 938
8866 1563
3023 2188
3521 2813
962 3438
1091 4063
9232 4688
2886 469
6891 1094
6576 1719
5164 2344
992 2969
5061 3594
997 4219
1736 4844
2594 157
5984 782
4751 1407
9185 2032
6346 2657
876 3282
6600 3907
4911 4532
6078 547
6084 1172
1865 1797
2862 2422
4640 3047
3966 3672
4835 4297
3239 4922
9475 79
4306 235
7681 391
9969 704
2415 860
8711 1016
7187 1329
4936 1485
3355 1641
8147 1954
4949 2110
9114 2266
1465 2579
2899 2735
5560 2891
8996 3204
7973 3360
6785 3516
5516 3829
7306 3985
4851 4141
3774 4454
4880 4610
1373 4766
4211 586
5172 1211
3501 1836
3894 2461
9904 3086
5722 3711
651 4336
6089 4961
2366 40
7521 118
7771 196
3609 274
6630 352
8498 430
233 508
1422 665
9335 743
158 821
8873 899
7001 977
9134 1055
4744 1133
477 1290
7903 1368
7774 1446
5366 1524
5072 586
7875 1602
2728 1680
1934 1758
2799 1915
5758 1993
7565 2071
9717 2149
8616 2227
8155 2305
3892 2383
8654 2540
1666 2618
7223 2696
2333 2774
4865 2852
4149 2930
3189 3008
4132 3165
343 3243
6096 3321
707 3399
5229 3477
9162 3555
9208 3633
3820 3790
4589 3868
5727 3946
4249 4024
2092 4102
8848 4180
8269 4258
2534 4415
9816 4493
9263 4571
6249 4649
6413 4727
1304 4805
5936 2852
4872 4883
3623 606
9655 1231
2325 1856
8757 2481
9301 3106
162 3731
5704 4356
444 4981
270 20
8771 59
2355 98
1981 137
7181 176
5485 215
3047 254
2284 293
6343 332
9706 371
9695 410
7569 449
4172 488
5614 527
3207 566
1153 645
5976 684
8895 723
3416 762
4842 801
1653 840
2416 879
8689 918
3911 957
9049 996
100 1035
2297 1074
9603 1113
5216 1152
5687 1191
7335 1270
4283 1309
3846 1348
4826 1387
8057 1426
7399 1465
9113 2813
3642 2735
6505 4766
2905 1504
979 1563
5372 1543
7965 1582
8745 1621
3332 1660
3769 1699
4695 1738
9898 1777
8156 1816
2293 1895
8959 1934
1791 1973
1866 2012
1256 2051
4137 2090
8955 2129
6680 2168
9887 2207
2471 2246
5033 2285
4732 2324
6129 2363
2887 2402
9982 2441
9508 2520
6662 2559
1542 2598
7169 2637
6569 2676
1083 2715
4684 2754
394 2793
1284 2832
1467 2871
5284 2910
2885 2949
4517 2988
355 3027
4948 3066
4787 3145
2686 3184
5644 3223
2041 3262
380 3301
7321 3340
6437 3379
1944 3418
1158 3457
3799 3496
8240 3535
9786 3574
9367 3613
4729 3652
2019 3691
6445 3770
8109 3809
9066 3848
3285 3887
6817 3926
2063 3965
6777 4004
7773 4043
4987 4082
7143 4121
8139 4160
4233 4199
6301 4238
9500 4277
3513 4316
9073 4395
2553 4434
3933 3770
7589 4473
2462 4512
5271 4551
3141 4590
96 4629
3564 4668
3657 4707
7067 4746
4198 4785
9069 4824
8557 4863
9187 4902
2435 4941
211 30
2221 69
2609 108
3499 147
8963 186
752 225
3413 264
5545 303
1002 342
6136 381
9790 420
3563 459
7547 498
6315 537
8569 576
6232 596
5607 616
4883 655
2741 694
7270 733
7395 772
6398 811
8553 850
5866 889
1601 928
6464 967
2644 1006
9054 1045
4556 1084
2334 1123
8951 1162
7071 1201
8903 1221
9968 1241
6314 1098
2732 1280
3310 1319
7007 1358
6911 1397
8214 1436
7959 1475
3353 1514
8511 1553
1650 1592
2145 1631
3828 4492
5921 1670
4441 1709
6525 616
90 1748
5202 1787
3306 1826
8635 1846
3247 1866
9885 1905
944 1944
8931 1983
6834 2022
7733 2061
676 2100
3678 2139
8387 2178
160 2217
9267 2256
1892 2295
8914 2334
4083 2373
3254 2412
2593 2451
9931 2471
7083 2491
9586 2530
8006 2569
2016 2608
7730 2647
3652 2686
9077 2725
9759 2764
9306 2803
2467 2842
4529 2881
393 2920
4721 2959
8764 2998
9351 3037
9078 3076
7294 3096
3244 3116
8183 3155
2036 3194
5307 3233
6796 3272
712 3311
6242 3350
5676 3389
7104 3428
4195 3467
2408 3506
1084 3545
8335 2100
6364 825
4289 3584
2603 3623
3303 3662
6058 3701
9873 3721
3035 3741
5787 3780
7935 3819
4876 3858
6582 3897
8622 3936
3521 3975
6628 4014
7094 4053
2195 4092
2667 4131
6708 4170
2781 4209
6262 4248
3435 4287
7676 4326
9033 4346
4660 4366
1466 4405
8717 4444
1156 4502
9452 4522
8670 4561
3348 4600
8773 4639
5143 4678
7319 4717
1890 4756
579 4795
719 4834
6949 4873
8076 4912
5149 4951
7811 4971
914 4991
9123 10
6454 49
9850 88
6463 127
2601 166
9248 205
8698 244
1576 283
3230 322
2683 2866
3117 361
5499 400
9803 439
1567 478
9871 517
1525 556
2511 635
1600 1905
1398 674
5643 713
2692 752
3875 791
9678 869
7154 908
9028 947
9209 986
7365 1025
632 1064
9704 1142
334 1181
1147 1260
4670 1299
416 1338
4882 1377
864 1416
8198 1455
5735 1494
7282 1533
1855 264
2597 1572
896 1611
1283 1650
6426 1689
5580 1728
8295 1767
4900 1806
7902 1885
2657 1924
6673 1963
649 2002
4399 2041
9105 2080
5036 2119
8894 2158
2818 2197
3575 2236
1265 2275
547 2314
1115 2353
5597 2392
9064 2431
2140 2510
4554 2549
9094 2588
1747 2627
338 2666
580 2705
8285 2744
2960 2783
6470 2822
1557 2900
4117 2939
8459 2978
8981 3017
3850 3056
7577 3135
9935 3174
5431 3213
4467 3252
9910 3291
974 3330
9142 3369
9646 3408
4398 3447
4006 3486
8238 3525
7596 3564
1225 3603
961 3642
1762 3681
5221 3760
5016 3799
6964 3681
6072 3838
1671 3877
9224 3916
3922 3955
6435 3994
564 586
5391 4033
4740 4072
4171 4111
2629 4150
9285 4189
9666 4228
7091 4267
8590 4306
7085 4385
3583 4424
4047 4463
7894 4482
9817 4541
2233 2197
6912 4580
6615 4619
3643 4658
7558 4697
5042 4736
28 4775
7411 4814
647 4853
1189 4892
8855 4931
6011 832
2981 1105
3182 2873
6387 818
2959 1091
3223 2859
4608 15
5791 25
2705 1826
861 35
5639 54
5696 64
1395 74
3710 93
7613 103
5514 113
5770 132
7140 142
3621 152
553 171
7410 181
3998 191
1946 210
7738 220
7470 230
251 249
1001 259
7348 269
55 288
1094 298
9597 308
3877 327
5918 337
8131 733
2440 347
3142 366
1538 376
5236 386
5344 405
8621 415
4864 425
7369 444
7295 454
8395 464
5505 483
6480 493
7109 503
1569 522
2505 532
7822 542
8134 561
4686 571
878 581
8360 591
5385 601
7384 611
8281 621
608 640
3604 650
8722 660
2294 679
5302 689
2548 699
3081 718
3605 728
5832 738
1993 757
9778 767
306 777
2409 796
1938 806
666 845
8457 855
4638 874
5689 884
4643 894
5451 913
602 923
3410 933
3972 952
7205 962
8721 972
8007 991
1292 1001
5598 1011
4478 1030
9149 1040
5549 1050
1529 1069
8789 1079
2773 1118
7118 1128
4142 1147
1571 2324
7473 1157
6166 1167
179 1186
7235 1196
3266 1206
6706 1216
1129 1226
5754 1236
5060 1246
5347 1265
775 1275
7036 1285
6747 1304
9436 1314
5765 1324
6163 1343
9403 1353
132 1363
76 1382
1758 1392
832 1402
4273 1421
5243 1431
4456 1441
2867 1460
1380 1470
7704 1480
7076 1499
8237 1509
1955 1519
5826 1538
4367 1548
1419 1558
976 1577
2265 1587
1314 1597
45 1616
405 1626
9445 1636
9713 1655
2202 1665
5316 1675
4984 1694
1007 1704
5209 1714
9153 1733
279 1743
6439 1753
7913 1772
5741 1782
788 1792
3555 1811
3940 1821
9061 1831
2024 1841
3172 1851
7310 1861
615 1871
1581 1699
870 1890
1599 1900
5181 1910
1227 1929
6482 1939
8270 1949
9698 1968
389 1978
4635 1988
3727 2007
8591 2017
4474 2027
5588 2046
2589 2056
7428 2066
734 2085
2343 2095
2105 2105
5788 2124
9023 2134
5762 2144
3958 2163
2027 2173
9434 3330
4736 2183
6198 2202
5043 2212
689 4522
2001 2343
212 1030
9855 1319
4504 2222
1598 2241
2038 2251
5071 2261
9774 2280
1779 2290
3465 2300
4853 3457
9714 2319
4746 2329
433 2348
4966 2358
7041 2368
5799 2378
9489 2397
2742 2407
5851 2417
596 2436
1071 2446
8123 2456
4095 2466
2974 1409
8274 2476
8336 2486
652 2496
4383 2515
7122 2525
8482 2535
4956 1871
9645 2554
6412 2564
7654 2441
6923 2574
4566 2593
6035 2603
6306 2613
256 2632
7287 2642
3960 2652
6901 2671
5551 2681
9236 2691
8190 2710
3043 2720
7865 2730
3328 2749
9040 1910
4613 3037
5224 2759
3830 2163
1664 2769
8254 2788
6517 2798
7828 2808
6522 2827
8483 2837
2884 2847
4486 2886
8327 2905
5124 2915
8576 2925
261 2944
7405 2954
4078 2964
7480 2983
6256 2993
2972 3003
5947 3022
3701 3032
5313 3042
2519 3061
2700 3071
2093 3081
9128 3091
9427 3101
1897 3111
2879 3121
8290 259
5022 2348
8468 3140
5937 3150
2928 3160
3473 3179
6038 3189
2442 3199
2194 3218
4185 4336
7663 3228
3408 3238
4968 3257
7292 3267
8432 3277
779 3296
9731 3306
566 3316
9711 3335
8495 3345
5956 3355
4733 3374
3060 3384
8288 1968
3556 3394
5367 3413
8343 3423
8935 2156
5078 3433
1492 3452
9862 3462
6828 3472
6333 3491
4865 3501
2079 3511
2139 3530
4706 3540
1372 3550
4945 3569
3928 3579
7790 3589
7697 3608
552 3618
9322 3628
6389 3647
8824 3657
1875 3667
528 3686
9264 3696
5695 3706
6624 3716
4248 3726
3494 3736
935 3746
5576 3765
5160 3775
3840 3785
9789 3804
9635 3814
9173 3824
4024 3843
5321 3853
2527 3863
5912 3472
9266 3882
8405 3892
2405 3902
8034 522
8703 3921
3366 3931
6597 3941
9183 1543
8541 3960
7409 3970
8246 3980
9231 3999
5891 4009
9563 4019
5148 4038
190 4048
5857 4058
3792 4077
3390 4087
7160 4097
508 4116
5648 628
2228 2686
9939 4126
5240 4136
4992 4155
9884 4165
6044 4175
7375 4194
3782 4204
2482 4214
1540 4233
6648 4243
8805 4253
9141 4272
1039 3706
7079 4282
8249 4292
6037 4311
1480 4321
1079 4331
2313 4341
2203 4351
3426 4361
3271 4371
1405 2173
8197 4390
4324 4400
6553 4410
107 4429
2717 4439
8570 4449
6504 4468
4535 4487
7804 4497
445 4507
1117 4517
8644 4527
6278 4546
6440 4556
7905 4566
8604 3731
6945 4585
9260 4595
1859 4605
414 4624
5872 4634
1449 4644
5111 4663
9323 4673
587 4683
8382 4702
4795 4712
3338 4722
5941 4741
6393 4751
9380 4761
2486 4780
9985 4790
6734 4800
7882 4819
8130 4829
1652 4839
4489 4858
2287 4868
1660 4878
7661 4897
8264 4907
7113 4917
7495 4936
9754 4946
8211 4956
6749 4966
1327 4976
8282 4986
7707 4996
661 5
9794 44
9934 83
2172 122
8710 161
6295 200
8373 239
4789 278
9746 1949
8567 317
4963 356
2081 395
6966 434
4924 473
8333 512
2706 551
4908 669
1388 708
2800 747
7953 786
4272 864
1455 903
8797 942
6286 981
1953 1020
9589 1059
6277 1137
7128 1176
5989 1255
9296 1294
9902 1333
9822 1372
7051 1450
701 1489
2022 1011
9677 1528
5265 2898
1569 1567
9252 1606
6099 1645
9244 1684
1676 1723
7920 1762
7539 1801
5046 1880
7213 1919
7020 1958
7197 1997
7593 2036
7157 2075
3601 4026
1719 2114
1209 2192
5700 2231
5421 2270
6921 2309
9465 517
4597 2338
2465 2387
3138 2426
35 2505
7265 2544
7987 2583
2888 2622
7625 2661
6914 2700
6564 4590
3011 2739
8366 2778
2695 2817
3116 2934
5457 2973
1312 3012
8896 1606
4899 3051
7190 3130
1933 3169
4270 3208
5028 3247
3791 3286
7945 3325
5515 3364
8972 634
1481 3403
3490 3442
1270 3481
9701 3520
3474 3559
4438 2535
805 3598
5007 3637
3798 3676
5422 3755
4307 3794
315 3833
6006 3872
254 3911
9945 3950
3206 3989
1609 4067
1604 4106
5714 4145
7793 4184
7761 4223
7404 4262
7146 4301
887 4380
5747 4419
8098 4458
131 4477
6105 4536
7013 4575
9544 4614
5668 4653
9922 4692
8380 4731
4050 4770
5534 4809
8379 4848
9869 4887
4419 4926
3024 836
6567 1109
8291 2877
1543 624
9459 814
8216 821
3267 828
7522 1087
8271 571
2878 1094
7720 1101
7016 1405
6019 1412
1771 2152
7330 2159
1003 2855
7651 2862
1778 2869
2107 2114
4884 728
8514 2894
7366 2901
4617 4022
6750 4029
5863 631
1119 637
1366 7
8015 12
9284 17
2853 22
6236 27
551 32
260 37
7004 46
5940 51
3860 56
8749 61
5806 66
8571 71
6683 76
6053 85
3413 90
6434 95
9728 100
9802 105
423 110
481 115
5285 124
7030 129
894 134
4953 139
8338 144
1168 405
906 1905
7316 149
5685 154
9861 163
568 168
5334 173
6684 178
8818 183
73 188
8950 193
9553 202
5731 1109
616 165
5235 207
8119 212
4699 217
6831 222
3951 227
7714 232
3335 2105
5954 241
4994 246
5105 251
2011 256
7715 261
8420 266
5376 271
8838 280
2595 285
3201 290
2159 295
3533 300
6745 305
7538 310
9892 4804
5612 319
5428 324
7881 329
7116 334
6123 339
3311 344
3574 349
5599 2392
4875 358
5852 363
5957 2915
8350 368
9577 373
2588 378
8594 383
6727 388
322 397
8083 402
4942 407
7183 412
7605 4996
9181 417
2763 422
2565 427
7149 3076
7103 4790
4993 3233
4205 2613
3265 436
8407 441
3884 446
1427 451
68 456
5486 461
8969 738
5660 466
3722 475
9050 480
1325 485
1517 490
3217 495
8449 500
4716 505
3569 514
6067 519
4051 524
8762 3936
2983 529
1536 534
1483 539
2050 365
8232 544
574 553
4090 558
8164 1733
9600 563
2256 568
4380 573
2008 578
7908 583
9568 588
6774 593
6453 578
7627 598
6188 603
806 608
2170 613
6394 618
4260 642
662 647
1794 652
8784 657
2751 662
3055 671
9478 676
4404 681
9594 686
3803 691
1434 696
821 701
8679 4741
2691 139
8767 710
197 715
5613 720
162 725
881 730
5964 735
7308 740
5165 749
4319 754
8196 759
5642 764
1745 769
9331 774
1028 779
8923 788
2149 3345
5232 793
5435 798
3103 803
1020 558
3491 808
1101 842
439 847
6581 852
5914 857
2964 3442
3156 866
3424 957
4339 871
6794 876
928 881
538 886
9175 891
1103 134
7629 896
6384 905
6567 910
5348 915
3625 920
7377 925
5712 930
1294 2212
4113 935
688 944
204 949
319 954
4154 959
2278 964
6043 969
2438 349
3883 974
7754 983
9122 988
8626 868
4352 993
7750 998
2871 1003
9827 1866
5944 1008
6258 1013
7337 1022
1546 1027
925 1032
3226 1037
1080 1042
5894 1047
198 1052
2814 1061
1831 1066
5504 1071
5517 1076
5723 1081
6155 1115
8115 1120
53 1125
4571 1130
9955 1139
6992 1144
2437 1149
655 1154
335 1159
2592 1164
6619 1169
9012 1178
3926 1183
1565 1188
5121 1193
6184 1198
3674 1553
6771 1203
1060 3506
6570 1208
7266 1213
5680 1218
3370 1223
827 1228
933 1233
4321 1238
6928 2486
2447 1243
1932 1248
8533 1257
8496 1262
6182 1267
6960 1272
4420 1277
1854 1282
466 1287
2746 1296
9358 1301
8603 3945
7262 1306
3942 1311
5737 2676
7177 1316
8583 821
4150 1321
1885 1326
808 1335
5679 1340
1614 1345
454 1350
6991 1355
2216 1360
3918 1365
1615 1374
3680 1379
1853 1384
2457 1389
8129 1394
4182 1399
1762 1418
5489 1423
5829 1428
2568 1394
60 1433
4229 1438
1258 1443
4712 1452
6458 1457
5456 1462
4977 1467
9222 1472
8384 1477
893 1482
7062 1491
6251 1496
8596 1501
102 710
4104 1506
6291 1511
8850 1516
9954 1521
3898 1530
4363 1535
3385 1540
8813 1545
5740 1550
5904 1555
1210 1560
4624 1569
5992 1574
9371 1579
737 1584
6111 1589
4448 1594
9014 1599
5387 4351
7261 1608
5571 1613
9461 761
8910 1618
7106 1623
3289 1628
1362 1633
7997 1638
3344 1647
6863 1652
4754 1657
9214 1579
6638 1662
3629 1667
8137 1672
309 370
5466 1677
4662 1686
9001 1691
9005 1696
125 1701
2286 1706
9975 1711
4285 1716
5887 1725
4553 1730
3851 1735
3639 771
7452 1740
1735 1745
8563 1750
6202 912
3038 800
670 878
7929 2476
4136 1755
3304 1764
7609 1769
7510 1774
4641 1779
6407 1784
7153 1789
4663 1794
7059 1803
2248 1808
6062 1813
1881 1818
1087 1823
3247 1828
2127 1833
6724 1838
5283 1843
8989 2890
807 1848
7906 1853
8252 1858
6374 1863
9310 1868
2357 1873
8577 4912
4101 1882
9797 1887
178 1892
6742 1897
71 4941
4037 1902
8209 2890
9202 1907
6787 1912
7709 4131
2707 1921
3120 1926
6499 1931
1301 1936
660 1941
586 1946
9700 1951
9413 1960
8854 1965
1470 1970
9989 2520
9337 1975
5179 212
5141 1980
8525 1985
8471 1990
3310 1999
7824 2004
4647 2009
4170 2014
123 2019
7706 2024
2952 2837
9590 2029
4620 2038
9592 2043
8885 2048
1899 2053
503 2058
5278 2063
1302 2068
7693 2077
9432 2082
6876 2087
9318 193
6091 2598
3843 2092
4652 2097
8037 2102
8047 2107
226 2116
5470 2121
6455 2126
1494 2131
12 2136
8802 2141
4524 4824
816 2146
760 1800
4276 2165
313 2170
6751 2175
1687 2180
2411 2185
5426 2194
269 2199
9622 2204
9204 2209
6399 2214
4807 2219
7615 2224
5139 2233
8307 2238
189 2243
8484 2248
1251 2253
9249 698
9278 2258
1063 2263
5084 2272
6933 258
9860 2277
2327 2282
9751 2287
8886 2292
4869 691
3468 2297
6826 2302
8260 2311
7130 1784
2388 2316
6931 2321
1912 2326
149 2331
2545 2340
4085 2345
6993 2350
2771 2355
8511 2360
2687 2365
3146 2370
7078 2375
5730 2380
2339 2389
4702 2394
8174 2399
6140 2404
4191 2409
796 82
4336 2414
5357 2419
3450 2428
2052 2433
7002 2438
3354 2443
5965 2448
2626 2710
667 2453
3238 2458
1943 2463
5553 2468
1533 2473
1170 3364
17 2478
5183 2483
8202 2488
6047 2493
4757 2498
8331 2507
7701 2512
8375 2517
4978 2522
9147 1047
2347 2527
540 2532
2476 2537
1037 2546
6550 2551
4862 2556
9252 2561
4237 2566
4653 2571
9042 2576
2484 2585
1989 2590
7210 2595
191 2600
7799 2605
1243 2610
4667 2615
6181 2624
6755 2629
9721 2634
3670 2639
4550 2644
7713 2649
4506 2654
717 2663
155 2668
1406 2673
6407 2678
8477 2683
6483 2688
7488 2693
4672 2702
5030 2707
4197 2712
383 2717
8845 1518
497 2722
7202 2501
7272 573
2951 2727
9835 2732
2499 2741
8523 2746
4755 2751
6846 2756
7916 2761
4381 2766
3667 277
854 2771
6589 2780
6122 580
2999 2785
5187 2790
5079 2795
6200 2800
6728 2805
8928 2810
8651 2819
7165 2824
857 2360
6299 2829
7698 2834
8313 2839
8843 2844
6784 497
9838 2849
3159 2883
1012 2907
9960 2912
8879 2917
6292 2922
2433 2927
8095 1296
3963 2936
5151 2941
2744 2946
1182 2951
2663 2956
5226 2961
5309 2966
8243 2975
9479 2980
3979 2985
2797 2561
2579 2990
2113 2995
2283 3000
3130 3005
8835 3014
4569 3019
8718 3024
7360 3029
5006 3034
8881 3039
6602 3044
1734 1664
3793 3833
8167 3053
3369 3058
1423 1820
1188 3063
3432 3068
311 3073
7594 3078
3431 2342
4000 3083
3544 1805
1931 3088
9300 3093
554 3098
6693 3103
6438 3108
284 3113
9217 3118
8505 3123
8066 4556
4783 2551
743 3132
1780 3137
142 3126
1590 541
1217 2082
8312 1711
3801 3142
8713 3147
8056 3152
7252 112
2502 1130
2454 3157
8138 3162
2210 2372
7396 3171
402 3176
3717 3181
6092 3186
537 598
8437 3191
9889 3196
1878 3201
8381 3210
124 3215
276 3220
2873 3225
9753 3230
7789 3235
1578 3240
3064 3249
7311 3254
8326 3259
8906 3264
3286 634
1595 2377
5552 3269
5842 3274
2945 3279
8894 3288
8245 3293
5117 3298
9043 1391
3445 3303
833 3308
5059 3313
639 3318
6865 3327
4850 3332
9010 3337
4834 3342
3613 3347
4989 3352
1160 3357
5935 3366
8122 3371
2566 3376
1998 3381
6743 3386
7854 3391
8707 3396
8096 3405
7726 63
6313 2143
3242 3290
5203 3410
7170 3415
18 1758
1293 1915
3548 3420
3638 3425
6063 3430
8634 199
2152 3435
6940 3444
3030 3449
9501 3454
1454 3459
6247 3464
4710 3469
5441 4189
4487 3207
8094 3474
6138 3483
3927 4648
9104 3488
1330 3493
8529 1008
2620 3498
6511 3503
9067 3508
1957 3513
9616 3838
9099 3980
1773 2756
6264 3522
7601 3527
669 3532
4133 3537
572 3542
1755 3547
6204 3552
9036 3561
98 1830
3376 3566
7466 1493
6829 3571
2456 3576
9486 3581
9242 3586
3322 3591
4001 3600
2267 1166
6203 3605
4074 3610
6036 3615
7541 3620
3211 3625
8016 178
349 2360
9845 3630
9127 3639
1544 3644
5646 3649
3630 3654
5966 3659
1741 2587
3010 3664
6215 3669
1051 3678
3292 3683
5371 4756
2349 514
6401 3688
7110 3693
7274 3698
9745 3703
726 3708
8272 3713
7598 3718
1351 3723
3879 3728
7427 3733
9851 3738
2512 3743
3088 3748
13 3757
1247 3762
369 3767
6557 3308
4767 3772
2712 3777
5582 3782
6109 3787
468 3796
4607 3801
7138 3806
9534 4843
8787 4522
3704 3811
9277 3816
4371 3821
627 1860
6481 3826
350 2374
1637 3835
4735 3840
1782 3845
6467 3850
1138 3855
9376 3860
2713 1802
303 3865
8538 3874
8834 3879
8643 3884
7672 4702
8585 3157
5479 3879
2701 1926
745 2519
2621 1730
9839 3884
7578 3889
6621 3894
3186 3899
2040 3904
3412 3913
464 3918
7563 3617
5072 1340
2986 3923
600 779
3906 3928
7812 3933
3557 3938
136 3947
5892 3952
4385 3957
5802 3962
8040 3967
3874 3972
6174 3977
8425 3982
1588 4189
317 1200
2451 3991
4971 3996
1769 4001
4394 4006
4151 4011
7196 3412
6629 4016
3715 2766
9503 4035
9687 4040
3378 4045
3225 4050
7688 4055
4602 4060
5459 4069
4509 4074
8629 4079
5840 4084
3398 4089
5494 4094
5513 4099
5537 4108
8932 1415
9395 4113
1795 4118
7214 4123
2401 4128
9678 4133
8637 4138
8868 4609
4568 2240
5859 4147
6024 4152
1719 4157
6691 4162
3022 4167
1705 4172
8691 4177
7395 4186
2599 4191
656 4196
3101 4201
2236 4206
2147 4211
2163 4216
9526 4225
2569 4230
9103 4235
7702 4240
4466 4245
7624 4250
8614 4255
948 4264
2861 4269
5622 4274
9787 4279
7781 3790
9087 4284
9871 4289
7350 4294
1476 4303
2309 4308
4910 4313
2673 4318
1116 4323
7923 4328
9875 1830
5952 4333
9096 4338
8257 4343
7420 1347
6134 4348
3281 4353
5560 4358
9294 4363
2782 4368
9156 4373
3786 4382
4957 2077
342 4387
2379 4392
221 4397
2419 4402
8434 4407
6609 4412
7139 4421
3808 4426
9782 3075
7394 2977
2470 1063
6827 3303
8521 4431
3128 3339
3837 1101
2979 4436
2810 4441
8003 4446
2586 4451
265 4460
7371 4465
5171 4470
1757 4479
9480 3402
5658 4484
6255 4489
6943 4494
4295 3896
1110 4499
9343 4504
9081 4509
694 3168
2509 1571
7576 4514
448 4519
1185 4524
177 4529
8030 1264
8014 4538
3317 4543
169 4548
8339 4553
3868 4558
6883 121
9639 2805
3147 4563
6654 280
1593 712
6646 4568
8194 1542
3637 4577
7145 34
57 4582
7791 4587
8724 4592
8182 3672
7809 4597
4803 4602
3098 3031
1460 4611
9388 2958
1095 4616
4202 1912
8357 4621
703 665
4281 4626
2537 4631
1788 4636
2585 4641
7830 3558
236 930
4012 4650
1442 4736
5215 4655
273 852
326 4660
9702 4665
214 4670
6857 4675
6238 4680
5664 4685
5596 4694
4480 4577
4042 4699
5055 4704
7012 4709
687 4714
1549 4719
6060 4724
4318 4266
1043 4733
6543 4738
5090 4743
6293 4748
1722 4753
8779 4758
633 4763
5027 4772
4148 4777
7324 4782
5131 4787
3870 4792
6116 4797
6998 4806
6376 4811
5530 4816
8844 4821
1184 2869
1349 4826
9002 4831
7642 4836
5333 4845
9078 4850
4421 4855
9056 4860
3018 4865
3219 4870
6143 4875
6894 4880
7148 209
2200 4889
683 4894
5574 647
3764 3837
6819 4899
9682 4904
5181 1581
5535 4909
5841 4914
5546 4919
8822 4928
5253 4933
6071 4938
6359 4943
5186 4948
929 4953
2826 4958
8169 4963
8688 1511
5752 4968
5032 4973
3027 4978
5883 4983
1765 4988
7343 4993
1706 4998
2917 3790
8956 3
8693 42
4555 159
6271 163
3651 4208
4475 237
7412 4392
7817 315
709 354
1416 393
7288 432
4347 234
6487 471
6489 510
1961 539
6361 549
3092 626
5477 667
706 706
3102 745
6565 4792
7219 784
4039 816
9499 4063
7849 823
2910 830
7400 1337
7244 4789
9396 1571
4049 834
8636 838
1204 862
6967 901
8358 940
5201 979
718 1018
527 1057
2487 673
4547 1089
5978 2904
238 1769
1630 1096
8948 370
8526 1103
8070 1107
1673 1111
6962 1135
408 1174
1713 1253
9718 1292
8204 1331
2647 1345
3479 1370
3827 1407
7535 2211
3517 4543
5238 1448
8501 1487
5924 1526
5081 1565
4153 1604
2162 1643
381 1682
9990 1721
2815 1760
8396 1878
9549 1917
949 1956
3404 1995
8442 2034
8069 4102
7866 2073
1691 2112
410 2154
3682 2161
856 2190
8882 2229
5458 2268
7312 2307
3535 2336
7455 2385
8080 2424
8053 2503
3887 2542
1835 2581
434 2620
841 419
7996 2839
1958 3235
462 555
140 2659
8345 2698
671 1931
9629 2737
6632 2776
7742 2815
2398 2857
9497 2864
441 2871
4312 2875
7974 2879
7263 2888
9752 1701
766 2892
1121 2896
7284 2932
5569 2971
469 732
8191 3010
9771 3049
3492 3128
8708 3245
826 2245
7639 4922
7327 2587
8 3284
2328 3323
361 662
8656 3362
8544 3440
6257 1999
8136 3264
2515 3479
5656 1610
6486 1193
3474 1367
7321 3925
6417 2231
7549 3518
4723 2919
5389 3596
4121 3635
8460 3935
974 3674
675 3753
2400 3792
759 3831
9550 3870
506 212
9234 3909
7976 3943
7469 3987
5168 4024
5519 4031
4829 4065
3183 4104
8836 4143
8203 4182
7502 4443
9614 3991
4358 4221
6410 4260
2536 4299
6542 1725
6670 4378
5712 4417
2348 4456
4530 4475
1458 4534
9818 4573
521 1337
905 4607
6822 4646
5125 3586
6160 4690
6633 4729
1846 4768
7225 4802
6326 4841
9601 4885
867 1732
6736 4924
6713 8
2359 13
1318 18
8374 1686
2844 23
2150 28
682 35
4751 38
5996 360
2421 2568
9760 47
3759 52
7251 57
5726 64
4703 67
2225 72
4590 77
2179 80
9867 83
9342 832
4562 86
4536 3566
4190 4340
347 1610
8045 4563
8833 91
8983 96
6227 101
2522 106
2123 113
6544 4198
4665 116
5300 119
9612 170
3537 295
218 122
6441 125
5474 130
5916 135
9744 140
4750 145
9642 4973
6694 150
4964 155
437 166
9088 171
292 174
3500 2428
8542 179
2119 184
7932 189
387 194
5011 816
991 197
7194 200
5166 203
9993 210
9094 213
7074 1374
1370 1855
3195 3738
9071 3821
9846 3894
7969 218
9623 223
871 228
9115 235
4454 242
2938 4125
2906 3110
2172 4198
324 4286
6193 247
2745 252
9255 259
8072 2016
8554 262
951 1750
1583 267
4444 272
6158 275
3910 278
5623 281
4431 286
1014 291
8686 296
7236 301
9058 306
7407 311
7182 320
2765 325
6588 330
5629 335
7005 3787
1397 2787
8796 340
9664 3173
3901 345
7479 350
4841 2143
1987 2440
8157 979
1826 361
9100 366
6737 371
5650 374
8740 379
3438 293
6248 1037
404 1591
7389 3315
7456 4958
873 2209
872 194
8800 384
4570 389
2160 398
6948 403
7478 408
9697 413
6551 1052
9251 420
3981 423
2726 428
1358 4968
9443 437
5909 442
4991 447
9038 452
2550 457
7708 462
6516 467
2008 476
6653 481
4763 486
1385 3010
3889 491
9618 498
7652 501
3025 506
5856 515
6137 1122
4496 520
6757 525
4141 530
9935 535
9725 542
1505 545
4591 556
8213 559
7101 564
7238 8
9039 569
7189 574
2564 581
3686 584
3261 589
611 594
5292 599
7513 3787
2289 604
2635 609
5550 614
7839 619
199 622
4442 629
9766 632
5962 635
2124 638
562 643
1125 3159
3590 648
7486 653
8369 658
1137 663
3815 674
7481 454
4738 677
1619 682
9792 687
8696 692
4162 699
6175 702
2624 713
6500 716
2131 721
6402 726
5617 503
7075 733
1046 4877
9316 736
1918 2438
4505 741
3083 750
4292 447
8562 2871
5832 4308
7852 755
4331 762
4488 765
2950 772
7855 775
3690 4318
8746 780
9705 789
6344 794
196 638
9507 801
6488 804
6020 809
9518 812
9995 819
3692 826
5005 210
3042 843
2133 848
2817 3906
7813 543
9901 853
294 858
6493 869
8601 872
9691 1813
5506 2805
2863 879
3721 882
7957 887
6556 892
9987 897
1877 906
5339 4847
5662 913
7346 916
6077 921
9120 926
8188 931
4527 936
6145 945
3178 950
130 955
1144 960
9808 965
6165 970
15 1328
2899 975
9662 3876
4103 984
8735 989
8440 994
2292 3212
7948 232
1651 999
5953 1004
4571 1496
7310 1009
8435 1014
7361 1023
8389 2209
8741 1028
5332 1033
290 1038
99 1043
8793 3977
878 1048
1274 1053
3611 4481
6180 2712
6119 1064
9719 1067
1343 1072
3435 467
5715 1077
4886 1082
8340 1085
2479 1092
693 1099
1828 1116
6932 1123
44 1126
5193 1131
6041 1140
4261 1145
4577 1150
5363 1155
8494 1160
3576 1167
1975 702
676 1170
2207 2367
3745 566
3915 2592
7230 3586
8087 2936
9326 4714
2995 1179
8547 1184
2472 1189
930 1194
3428 1201
6972 1204
4194 1209
1871 213
4860 1214
1551 1219
2623 1513
2690 650
7780 1224
1272 1229
2807 1234
480 1239
1374 1244
139 1249
6133 1258
8862 1265
916 1268
9174 2654
5096 1335
6121 1567
4544 1273
803 1278
9065 1283
4064 1288
8867 1297
5510 1302
5578 1307
831 1312
6989 1317
38 1322
353 1329
8227 1338
1572 1341
476 1348
215 2365
239 311
5983 1351
3737 1356
5233 1361
6791 2763
7557 1643
3902 1368
7752 3798
4002 1375
2192 4531
3673 1380
2517 1385
4157 1392
6056 1395
9604 1400
4350 1403
2656 1410
3061 1413
5755 1416
7528 1419
1827 1424
6622 1429
5589 1434
1873 1439
3252 1444
7573 1453
1288 1458
7787 1463
1282 4496
5699 911
5713 3884
3117 320
7487 1468
1447 1473
7232 658
5794 1478
1921 233
6926 1483
6289 1494
1990 2997
2667 1497
9452 1502
8446 2443
461 1507
6308 1514
8510 1519
6509 1522
4180 1531
8834 674
1648 1536
3663 1543
7982 1546
4135 1551
6980 4021
1048 4945
3058 1556
6206 3315
2184 1561
3780 1572
3321 1575
7650 1582
5138 1585
152 1592
7975 1595
6460 1600
9966 1611
1373 1614
848 3391
8730 369
8989 2722
4664 1619
9509 1624
3847 1629
7523 1634
5618 1639
6423 1648
5887 1653
7765 1658
478 777
9282 1665
7858 4421
5405 750
2403 1668
517 1673
9091 1678
2889 1687
1027 1692
1266 1697
4953 1702
9517 1707
1052 1712
804 1802
9737 1717
2275 1726
2571 2529
2848 4711
7648 718
7381 3933
8402 638
5340 1733
2141 479
9015 1736
6222 3065
4120 1741
8819 1746
5031 1751
8086 1756
3844 1765
7590 4152
7843 4799
5969 1770
6656 1775
1148 1780
9285 1785
6843 1790
4817 1999
3434 1795
9415 1798
474 1803
3488 4123
3654 1025
7540 1806
7767 1221
281 1401
6667 4125
5446 3524
6310 665
4911 1809
6425 1814
1723 1821
4164 1824
8736 1831
9879 1834
5237 1839
7977 1844
6159 1849
2469 2748
8575 1856
3314 1861
7670 1853
4098 3872
320 3249
8125 1864
6720 1869
5926 1874
5814 1883
8658 1888
5035 3227
6320 1893
1980 1898
5317 1903
2676 4008
2660 1908
3668 338
4353 1913
6157 1922
8490 1927
7826 903
6337 1932
3121 1937
4409 1942
6934 1947
4211 1952
3771 1961
9125 1966
9247 1971
8891 1976
7937 1981
7026 1986
2766 1991
9218 3386
9749 2000
5707 2005
8880 2010
9130 2017
1389 2020
909 2025
4950 440
2587 2030
9191 2039
7365 2044
3357 2049
7415 2054
7257 1749
113 1475
2013 2544
9841 1522
3989 2059
8918 2064
3326 2069
5320 2078
3168 2083
6665 2088
7142 2093
8071 846
5585 2098
9055 2103
5212 2108
4677 2117
781 2122
8874 2127
5692 122
5526 2132
9919 2137
6903 1466
937 2144
8866 59
6008 748
741 2147
5342 3792
1856 1429
2641 2150
1448 3811
1228 2157
2353 2166
4720 2171
330 2176
4470 3753
9160 2181
3449 2186
4127 2106
8778 1065
8767 2195
2828 2200
4233 2205
6538 2212
2572 2215
9199 2220
6106 2225
5231 2234
1445 2241
9903 2246
5249 2249
431 2254
1636 2259
5425 4811
6321 2264
6306 2273
3784 2278
3427 2283
4266 2288
4481 2293
798 2298
920 4013
9505 2303
2922 2312
8439 2317
1145 2322
4369 2327
9044 840
97 1349
4919 2332
9698 2343
4809 2346
4558 2351
5306 2356
153 2361
1911 2368
2940 2375
9484 2378
6783 2381
5843 2390
4386 2395
6676 2400
7842 2405
3471 2410
7597 2415
541 2420
5625 2429
2219 2434
1246 2441
1091 2444
877 1363
1324 2449
2956 2454
5382 2459
6868 719
971 2464
539 2469
5621 2474
9863 2522
4021 1966
4173 3635
2234 3235
1852 948
9281 1050
1801 1935
8346 2479
7720 2892
2250 3046
791 597
2973 2484
3109 2489
8827 2602
109 3933
3635 4419
3815 1505
6298 2494
3416 2499
6702 2508
9872 2513
1096 2520
9679 2523
5067 2530
9466 2533
7269 2538
4676 773
2117 2547
8620 2552
7304 2557
314 2562
4275 2569
6531 1410
3336 4623
5345 1227
288 2410
2186 2572
5210 2577
2529 2588
222 2593
6450 2596
7836 2603
7099 2161
2226 1168
9085 2606
3081 3288
9763 2611
6888 2616
6845 782
2380 1565
4962 2625
9508 2630
4183 2635
365 2640
415 2645
3013 2650
5666 2655
6172 2664
2978 3048
899 2669
95 2674
5403 2679
5543 2684
2946 2689
74 2694
2336 2703
1264 2708
2684 2713
8450 2718
2099 2723
3406 2728
7646 445
4038 3242
2136 2733
2896 4906
4596 288
5326 2742
4586 2749
610 2752
6477 2757
1703 2764
8957 2767
4354 2772
422 2781
3530 2788
4216 3787
2085 1444
4242 2791
8328 2796
6414 2801
5880 2806
5455 2811
6869 2820
3934 2825
6801 2830
4082 2835
5092 2840
6027 4069
9576 1320
2767 2845
5106 2850
2215 2853
2114 2860
9861 2867
4646 3874
514 2575
8330 2884
3983 2899
4615 2902
8600 2905
3551 4833
2230 4414
5338 2169
3821 1120
5590 2633
7373 2908
1471 2913
9126 2920
686 2923
7745 2928
5164 2937
6752 2942
5104 2947
2831 2952
809 2959
730 2962
1224 2967
9154 2978
5184 2981
9009 2986
2183 4792
9200 111
3805 1989
3884 981
7201 386
4116 2991
4583 2998
5257 3001
525 3006
674 3015
5640 3020
3770 3025
8783 3032
8430 3035
7434 3040
5636 3049
5888 826
9112 3054
9476 1587
9854 960
4345 3683
7848 3059
2849 1724
6608 2682
6887 3123
8573 2075
2857 3066
6104 3069
9080 3076
1294 3079
8919 4271
3262 4414
9624 3084
6221 3089
8270 3094
4601 3099
5742 1270
3417 3104
8052 3111
9139 3225
1065 3114
6636 3119
5889 3124
8612 3133
5711 3138
5561 3143
1796 1772
3141 3148
2929 3153
1118 4179
9832 778
5438 3160
6340 3163
8363 3166
766 3169
2314 1787
6692 3174
5113 3177
7444 3182
2331 3187
1357 3192
9923 3197
1696 3190
973 3202
2503 3205
5329 3208
4760 3213
344 3216
2704 3221
4181 3228
4144 3231
7093 3236
4410 3071
2882 3243
1685 3250
6372 3255
7641 3260
6870 2436
2500 3265
2722 3270
1897 3275
8725 3280
8318 3291
9840 3294
1146 3299
4933 3304
6390 3309
7220 3316
9552 3319
4728 3328
768 3333
2295 3340
2296 3343
5844 3454
7341 3348
598 3353
3525 3358
9926 3367
7035 3372
7732 3537
4343 1294
9605 3377
4937 3382
9186 3387
6640 3392
7723 3397
7644 3400
2345 3552
783 4477
8143 3403
6832 3406
3009 3413
5295 3416
4451 4360
8063 4227
2530 2515
6997 2661
5098 3421
6055 3426
2455 4013
6461 3431
5267 2370
5041 3436
2017 3445
5797 3450
5536 3455
337 3460
6430 3465
8988 3470
3586 3475
5645 4670
3325 1255
1930 3484
9606 3489
3302 3494
9265 3377
6360 3499
8578 3504
530 3509
3637 2820
5922 3514
5822 3525
7619 3528
6457 1170
268 3533
9357 3538
6352 3543
4009 3548
110 3374
8676 4648
9914 3410
3292 2186
1787 3553
5815 3556
3795 3733
4688 3263
6800 3317
2395 3559
5637 3562
1313 3567
9809 3572
3347 3124
4493 3577
3691 3582
6842 3587
3964 3592
9230 3601
4433 3899
29 860
1887 4675
651 4529
483 525
5136 943
2939 2528
436 2596
4973 3606
1633 3611
5532 498
4093 3618
2321 3621
1670 3626
2439 3631
1813 3640
3804 3645
1211 3650
8454 3655
4323 322
1797 3660
4848 3665
7693 3670
8646 3679
3845 3684
3112 49
8664 4935
1729 3689
7943 3694
6684 3699
4655 3704
6922 3709
9368 4062
3400 54
850 929
3524 1155
9031 3714
9143 3719
1849 2310
497 3724
9821 3729
59 408
7208 3734
2724 880
8476 3467
9554 3112
9703 3739
3660 3744
6537 3749
3104 3758
9221 3763
4680 3768
1589 3773
2015 3778
4939 3783
2556 3788
5293 3799
9463 3802
844 3807
5507 3812
2984 3817
9121 3822
1240 379
2459 3906
3119 3827
9893 4589
8930 4701
144 2950
1969 3838
6260 3841
3812 3846
8912 3851
829 3856
3684 1262
7567 1204
1823 3861
5533 3866
8720 3877
1497 3880
3477 4328
8958 2501
7056 3885
6957 3890
9295 3753
9362 680
429 2691
1077 4172
1632 389
4347 3897
1472 3900
3379 1876
1355 2436
241 3907
1933 3914
2581 704
392 4870
1649 2340
4255 3919
4348 3926
8223 2746
460 3929
6312 3936
4384 3939
2060 3948
8905 3953
7768 1137
8998 4726
8511 3958
8321 3963
7271 3968
7695 994
5493 3973
6746 3978
8200 3983
3542 4696
2165 3077
6610 3992
9699 3997
3852 4002
3039 4009
9345 4014
1229 4017
7082 4022
9891 4027
3562 177
3287 3008
6377 4036
8303 4041
4673 3267
6512 2779
5919 4046
5790 4051
6726 4397
2069 4056
3789 4063
4477 4070
8579 4075
7559 4080
209 4085
2573 4090
4392 717
8967 315
8999 2195
3679 4095
6385 4100
2361 4109
2193 4114
30 2098
2118 4119
4890 4126
9106 4129
457 4134
8190 1888
7856 4139
524 2447
6428 4148
2957 4153
9881 3635
3600 2379
6103 4158
309 4163
3539 1446
2154 1795
1425 1824
4714 4168
240 4173
6892 4180
3748 4187
2531 4192
839 4199
4756 4202
9417 1685
1519 4209
2813 4212
3221 4022
6201 4217
2903 4228
3970 4231
7520 4236
1667 4241
9017 3245
7088 4648
7789 955
8747 4246
6563 4251
536 4256
4066 4267
6812 4272
9546 2875
5362 2427
3236 4275
2057 4056
6476 4904
6207 4280
2947 4287
6657 4290
9501 2348
6540 4828
6807 4960
1216 2798
4320 1392
3324 4294
2764 3051
2493 3618
5777 3875
9148 4295
5430 4304
4469 4309
4642 4314
8659 4319
684 4324
4671 1853
2018 3194
2130 953
2600 4329
4263 4334
5915 880
2590 4341
824 4111
4387 4770
2324 4344
4765 4553
4460 535
7739 3379
9969 265
2694 1844
9349 3624
4855 159
4090 4349
7037 4354
8894 4361
7355 2408
5981 4364
800 4369
70 4374
7653 4383
1249 259
2557 4129
1019 4388
1535 4393
6689 1138
4824 4398
1271 4403
5075 4408
8477 4423
1840 4415
5352 80
5094 4424
3411 1788
9511 4427
1602 4432
8474 4437
8732 4444
356 1251
6283 987
4313 4447
9425 4452
9823 123
716 4461
6485 4466
3640 3447
7874 2410
1532 1786
4507 4471
9394 2405
1778 913
6974 4482
9972 4485
1159 1258
9092 4273
9059 4490
6411 4497
5064 4500
5416 4505
4316 4510
7084 81
2784 4515
9435 4520
5331 4525
3855 4532
4748 4539
2316 2993
1238 3184
2570 3853
511 2213
6479 3450
1850 4280
4815 1121
988 4500
1032 4544
4705 4549
7045 4554
8695 4503
2121 3663
4925 4559
3228 4564
6072 4569
3393 159
3758 1695
5732 4578
9670 2583
4523 3626
3940 1089
8024 762
897 4583
47 4590
7159 4593
4940 4598
277 137
3457 4603
5635 1312
5654 4612
6546 2027
9777 4617
6422 4624
4069 4627
9393 4632
8131 694
9369 4637
2561 4642
7965 3592
6641 4651
3939 4830
5462 4656
3705 4661
5729 4666
9905 713
5431 4671
7762 4676
3177 586
5775 1072
9274 4681
3493 4686
8093 4697
9608 4702
396 1973
8164 1714
3560 4705
4898 4712
6029 4715
8984 4720
1064 4727
3310 4734
2604 3615
7233 2424
8084 4556
5746 3197
8238 4739
1785 1431
1753 4744
6719 4749
3192 4754
9784 4759
6153 4764
519 4773
2202 4823
5058 527
3610 4806
4854 1514
8795 2882
8770 2979
3824 3248
4879 4778
8422 3670
7878 4783
7689 4790
2633 4793
3701 4800
4880 4807
3520 4690
4314 3236
8385 3270
4027 4812
7370 4817
9994 4824
7863 2630
2997 4831
2164 182
711 746
526 2246
8306 4834
1275 3780
2023 4837
9648 4848
1803 4851
9303 4856
2373 4861
6187 1812
2783 3652
2948 4866
2937 2210
6770 3773
1739 4871
7980 4943
5875 4878
9421 4881
9086 4890
9485 4895
4122 4900
1712 4907
1441 4910
8916 4915
1333 4920
5491 4929
5810 4936
5544 4143
6669 1717
1844 3582
26 4939
8926 4946
3449 4949
1326 4954
1098 4961
6459 4964
6279 4969
8588 2905
8726 4974
9847 4979
308 4984
5243 4989
695 3924
6083 4994
41 4999
3329 981
5169 2
9812 4
157 6
1289 9
2800 11
3872 14
8478 4646
4707 16
6913 2701
1768 19
593 21
1862 356
1758 2550
544 4661
2894 24
1072 26
7820 29
7530 2631
4340 31
192 4351
8798 33
4557 36
7402 39
9942 41
9399 43
5175 45
5146 48
6243 50
5613 53
2865 55
4838 58
8383 2472
8938 60
3768 4223
454 62
7797 65
1699 50
5601 68
5328 70
8639 1035
6148 4270
2392 2960
5002 73
4396 4868
4600 75
4169 1961
5989 493
7380 2125
2495 78
5730 82
4443 4265
4238 84
1547 87
1776 89
1235 92
4468 4406
2756 1006
2874 462
2640 1473
1131 1559
9706 525
313 4156
165 94
5408 97
4538 99
2834 102
6045 104
5509 4251
6714 107
2924 2359
7224 109
5514 112
5771 114
4218 117
3753 120
7588 124
5073 1831
6359 1283
972 4596
9779 126
9923 128
3394 1609
9581 1819
9164 4876
3853 3783
2881 131
2908 133
3320 136
543 4979
1479 1147
7070 138
6886 141
833 143
9397 2635
9675 2296
9305 281
516 4951
5942 225
4672 1105
1927 177
4447 275
6109 2989
1364 3556
6014 1383
2681 3030
9179 4100
7038 4369
8105 39
7907 2198
5614 2962
4542 146
4621 3615
7376 148
847 481
3227 3983
7759 151
2082 3091
3800 653
6291 153
1267 156
3437 4236
6075 158
4893 941
4766 4517
2826 160
7994 162
3049 4082
7339 3981
2252 164
2575 2462
2801 167
1163 4002
3107 169
6514 4609
3407 895
8149 104
2108 2408
9075 1201
776 889
5529 4136
7027 970
4192 172
6910 175
6164 178
3656 180
6373 2623
8758 183
2059 3892
6443 4500
1737 185
116 187
4551 190
1232 192
9989 195
9935 198
1347 201
2423 204
1518 206
4926 4378
7918 3219
8471 4413
4627 208
3134 2692
3053 4982
8564 211
298 2429
7363 1483
1092 2511
8142 4166
1959 214
1361 216
1585 219
4543 4422
5679 3216
2280 221
9332 224
832 226
499 229
5473 289
3439 3790
6513 231
1777 1944
6725 234
2577 236
6375 238
1831 3272
2688 4802
581 203
5299 2671
432 3530
6678 4768
9226 3124
4378 1184
8939 2562
2003 4256
5541 3827
8480 240
8985 243
2362 245
1660 248
8296 250
4576 253
5776 255
4541 257
8074 260
5482 263
263 266
4514 268
6170 4576
1978 270
7700 2300
2330 273
4430 3543
7967 276
9938 564
801 279
1967 1270
2802 3104
1869 2570
9385 3291
4364 2200
2334 3400
2524 792
9502 1463
3743 282
1941 284
4941 59
1038 566
9488 287
4146 1082
9986 290
2363 292
5830 294
6782 297
2346 299
1082 3976
7351 302
5938 304
5118 4143
3811 307
231 4854
8892 3114
5250 527
4578 1773
7379 953
4163 1194
6064 4060
9389 2631
5032 3653
9292 3744
8453 98
1725 3697
6492 309
5448 312
4422 206
5057 1392
2185 314
7611 316
7314 2402
7465 318
901 321
51 323
5696 326
863 699
8081 3268
6968 328
6018 331
8968 4031
2911 3788
1396 882
6265 1155
2786 4712
93 333
8642 1302
6442 4695
6295 3626
2809 336
2887 339
762 341
5159 343
3542 346
5451 348
7550 351
4099 353
6857 355
904 357
4518 359
9720 1974
4827 1590
8792 362
9018 364
6873 367
6328 370
6204 372
7631 375
9519 817
1033 377
8660 380
1059 382
6420 385
6558 387
6587 390
2306 392
8503 394
2864 396
5024 2145
3482 1346
6918 181
221 1365
9183 3560
5795 4588
2 4212
7779 399
414 401
2567 3556
9166 404
2430 357
3648 3426
561 1105
3264 4742
6308 406
9089 3753
4188 409
321 411
7258 414
6327 416
9245 418
2352 421
3565 424
9785 426
1418 429
6987 431
4952 433
6600 2195
5950 4567
3511 234
9893 435
3790 438
8254 4635
4644 441
9371 3216
8890 443
8964 446
7524 3753
2917 448
1398 450
8971 453
9118 455
6268 2445
4830 458
840 3569
2835 2879
7707 4646
433 460
6347 1085
9319 28
2454 2173
1582 463
9537 465
6471 1381
8393 2193
1310 1157
622 329
9521 4249
9689 468
489 4501
1296 955
3802 3348
5993 67
8006 1476
9602 1747
3719 82
3032 470
2191 472
7603 474
3235 477
9596 480
5528 482
8344 699
348 2733
7989 3436
7000 484
3608 612
6309 1736
1507 459
9627 2808
8423 487
2157 489
813 492
5487 494
5335 496
9499 499
9685 502
9307 1460
7584 504
5885 400
733 507
4018 509
2473 511
2303 513
7640 516
9207 518
748 521
6469 416
4502 523
31 526
8376 528
2048 2720
9102 1148
1586 4395
4244 2044
6499 3208
1117 4127
9975 4461
4315 1109
5663 4684
799 68
387 531
618 629
7028 533
6378 536
1161 538
9886 3804
9951 1346
6466 540
8208 544
6059 546
2823 548
4861 2698
6687 550
9543 552
4017 554
175 111
2735 3737
3395 1314
