4433 1
796 5001
7367 2501
1815 7501
9906 1251
2755 3751
5525 6251
4124 8751
9121 626
7977 1876
9670 3126
5021 4376
2545 5626
9775 6876
7719 8126
3358 9376
4591 313
5292 938
1866 1563
23 2188
6721 2813
3716 3438
5279 4063
8608 4688
3761 5313
9520 5938
8120 6563
9023 7188
2331 7813
8199 8438
6235 9063
2492 9688
4042 469
2972 1094
7246 1719
6175 2344
3256 2969
4973 3594
1886 4219
2324 4844
3394 5469
1372 6094
8634 6719
2733 7344
4296 7969
7562 8594
1743 9219
1606 9844
5989 157
4896 782
5187 1407
4988 2032
7299 2657
8233 1719
7943 3282
7922 3907
3912 4532
4242 5157
4202 5782
8220 6407
7435 7032
5250 7657
6634 8282
9392 8907
4415 9532
2302 547
5430 1172
6949 1797
3967 2422
2763 3047
665 3672
4282 4297
7485 4922
6112 5547
8744 6172
4711 6797
8025 7422
4927 8047
6465 8672
3504 9297
8046 9922
6102 79
9591 235
6837 391
1573 704
4445 860
411 1016
2824 1329
2825 1485
553 1641
8639 1954
5178 2110
3870 2266
6216 2579
73 2735
2400 2891
8368 3204
2651 3360
9364 3516
1024 3829
8545 3985
2759 4141
1971 4454
851 4610
3145 4766
2779 5079
838 5235
2569 5391
6553 5704
8957 5860
1303 6016
5598 6329
5869 6485
2588 6641
4939 6954
255 7110
9205 7266
6755 7579
1598 7735
3378 7891
2482 8204
3753 8360
6366 8516
4426 8829
2602 8985
1670 9141
2415 9454
4990 9610
6937 9766
7933 586
354 1211
8985 1836
9852 2461
3959 3086
9114 3711
4228 4336
3642 4961
3809 5586
3769 6211
3315 6836
2923 7461
7329 8086
4592 8711
6658 9336
847 391
3705 9961
5564 40
1089 118
1839 196
6189 274
8833 352
1430 430
5773 508
1449 665
769 743
4110 821
1079 899
3922 977
8687 1055
6301 1133
9789 1290
8926 1368
7029 1446
8915 1524
5693 1602
5718 1680
3692 1758
7660 1915
638 1993
1947 2071
637 2149
6219 2227
1009 2305
6968 2383
5079 2540
7122 2618
8560 2696
9553 2774
9216 2852
6897 2930
3255 3008
2870 3165
2503 3243
5137 3321
3124 3399
5317 5860
8037 3477
9358 3555
6568 3633
2063 3790
7363 3868
5798 3946
3466 4024
2781 4102
1706 4180
803 4258
8219 4415
4195 4493
6900 4571
4617 4649
7968 4727
8017 4805
7356 4883
2845 5040
5591 1016
115 5118
6945 5196
566 5274
8620 5352
9762 5430
5223 5508
2955 5665
919 5743
3309 5821
5527 5899
6859 5977
4570 6055
1318 6133
6652 6290
9260 6368
4338 6446
6205 6524
3477 6602
663 6680
4917 6758
4495 6915
4861 6993
8493 7071
4884 7149
1832 7227
7171 7305
3676 7383
1087 7540
8378 7618
3621 7696
8198 7774
9418 7852
7937 7930
2757 8008
1226 8165
36 8243
6270 8321
2275 8399
3133 8477
3872 8555
199 8633
8528 8790
3949 8868
6587 8946
2318 9024
3659 9102
297 9180
5668 9258
4485 9415
9460 9493
4704 9571
8655 9649
6441 9727
2897 9805
1873 9883
6203 606
1434 1231
5231 1856
6447 2481
3974 3106
5842 3731
9876 4356
5993 4981
7504 5606
9750 6231
6051 6856
5427 7481
6284 8106
3610 8731
2239 9356
1099 9981
1557 20
8919 59
791 3135
4729 98
8398 137
66 3110
7701 176
64 215
4678 4981
6813 254
4229 293
6068 332
7153 371
517 410
4567 449
8556 488
9918 527
7563 566
2694 645
223 684
8864 723
1885 762
6671 801
5922 840
5075 879
6986 918
6304 957
8661 996
7938 1035
9759 1074
1174 1113
2943 1152
5894 1191
4982 1270
2309 1309
608 1348
4969 1387
6841 1426
752 1465
7574 1504
2599 1543
1075 1582
6672 1621
5332 1660
4094 1699
2910 1738
8729 1777
3736 1816
7419 1895
9422 1934
5901 1973
1342 2012
5167 2051
1485 2090
3368 2129
7909 2168
290 859
4430 2207
5597 2246
6860 2285
5034 2324
1172 2363
2605 2402
6423 2441
5865 2520
9736 2559
6260 2598
8742 2637
7433 2676
1851 2715
6389 2754
4065 2793
4584 2832
4792 2871
6910 2910
1965 2949
5442 2988
1786 3027
8162 3066
8698 3184
9033 3223
3498 3262
112 3301
5454 3340
9062 3379
5658 3418
5191 3457
7702 3496
4689 3535
7200 3574
5674 3613
9110 3652
8329 3691
9398 3770
9551 3809
3197 3848
786 3887
3073 3926
4390 3965
4456 4004
3198 4043
3667 4082
8515 4121
8650 4160
4129 4199
8777 4238
6419 4277
7208 4316
8956 4395
5459 4434
1808 4473
3393 4512
9627 4551
9605 4590
2114 4629
6639 4668
4118 4707
6888 4746
270 4785
4441 4824
1869 4863
5611 4902
1696 3203
9617 4941
4017 5020
3583 5059
3153 5098
5031 5137
2976 2441
7427 2520
2157 5176
1629 5215
5602 5254
5064 5293
2895 5332
3021 5371
5858 5410
7073 5449
2258 5488
6341 5527
5633 5566
448 5645
3307 6094
7642 5684
7630 5723
8027 5762
4438 5801
9074 5840
6162 5879
8715 5918
5263 5957
4693 5996
1386 6035
6562 6074
983 6113
946 6152
7567 6191
7982 6270
4543 6309
9894 6348
2881 6387
224 6426
2868 6465
6930 6504
8805 6543
1730 6582
2344 6621
9369 6660
2866 6699
4553 6738
9696 6777
2129 6816
4931 6895
2725 6934
4301 6973
7729 7012
2937 7051
2069 7090
7883 7129
9977 6113
6198 7168
6637 7207
8962 7246
3545 7285
7538 7324
4666 7363
9470 7402
1091 7441
5839 7520
3286 7559
1902 7598
8572 7637
2175 7676
9104 7715
7533 7754
9294 7793
5093 7832
3603 7871
7711 7910
5990 7949
9063 7988
3853 8027
6367 8066
2433 8145
7173 8184
8691 8223
57 8262
3328 8301
2693 8340
3663 8379
5853 8418
