4492 1
2120 50001
8817 25001
7400 75001
9341 12501
7075 37501
3868 62501
7453 87501
2363 6251
9191 18751
4715 31251
3943 43751
3347 56251
7607 68751
6700 81251
3041 93751
1582 3126
6234 9376
9859 15626
4817 21876
1646 28126
1226 34376
2365 40626
8180 46876
9176 53126
6684 59376
6443 65626
1900 71876
99 78126
106 84376
4172 90626
2393 96876
4524 1563
399 4688
8336 7813
1240 10938
6491 14063
452 17188
9434 20313
6833 23438
364 26563
9690 29688
6725 32813
986 35938
729 39063
4553 42188
1791 45313
3141 48438
1917 51563
4202 54688
2826 57813
5130 60938
8787 64063
5243 67188
8946 21875
5867 70313
1681 73438
9836 76563
8002 79688
5202 82813
4777 85938
295 89063
6965 92188
9275 95313
6062 98438
2161 2344
7905 5469
4060 8594
542 11719
2987 14844
1273 17969
6196 22656
1507 24219
1384 27344
2822 30469
3473 33594
3150 36719
5279 39844
2337 42969
7319 31641
763 46094
8427 49219
3911 52344
7497 55469
3756 58594
3847 61719
3984 64844
9616 67969
758 71094
6304 74219
3317 77344
3573 80469
9063 83594
8271 86719
9886 89844
934 92969
2404 96094
9696 99219
160 782
8013 3907
4815 7032
8015 10157
7561 13282
8554 16407
3080 19532
5126 21094
8017 25782
4914 28907
7883 35157
7693 38282
7172 41407
6457 44532
7443 47657
5178 50782
9042 53907
47 57032
323 60157
8536 63282
8293 66407
5468 69532
6483 72657
5079 75782
2914 78907
1587 82032
2834 85157
1698 88282
252 91407
5340 94532
5811 97657
4865 31055
9971 32227
38 2735
1081 5860
1235 8985
509 12110
7456 15235
490 18360
3924 23047
3001 24610
6086 27735
9056 33985
6959 37110
9240 40235
9234 43360
7151 46485
8670 49610
980 52735
2218 55860
2383 58985
8451 62110
2954 65235
3024 68360
4654 71485
3264 74610
696 77735
2627 80860
6429 83985
6238 87110
8763 90235
9746 93360
1904 96485
203 99610
1001 391
4042 1172
4023 1953
7610 3516
4241 4297
1236 5078
3173 6641
540 7422
7431 8203
2198 9766
3510 10547
8953 11328
5177 12891
617 13672
1437 14453
2731 16016
2700 16797
8284 17578
9098 19141
3898 19922
1134 20703
4570 21484
3308 22265
9672 23828
3368 25391
3093 26172
4656 26953
9964 28516
4633 29297
3427 30078
1055 33203
5566 34766
781 35547
4620 36328
3897 37891
572 38672
2047 39453
8248 41016
8086 41797
6009 42578
5133 44141
1470 44922
4712 45703
5493 47266
6783 48047
7652 48828
2587 50391
6488 51172
4044 51953
4929 53516
9444 54297
8525 55078
3376 56641
6130 57422
7777 58203
5015 59766
48 60547
2835 61328
3122 98438
3480 62891
1712 63672
3540 64453
9204 66016
8333 24219
2638 66797
7349 67578
4772 69141
1287 69922
2549 70703
5647 72266
448 73047
7078 73828
3730 75391
2220 76172
896 76953
8891 78516
5518 79297
8081 80078
6162 81641
7773 82422
2032 83203
2743 84766
5821 85547
6619 86328
4412 87891
7372 88672
9222 89453
4373 91016
2090 91797
1137 92578
7631 94141
2421 94922
388 95703
3738 97266
4795 98047
1966 98828
4232 30762
998 31348
4256 31934
673 32520
5417 586
4364 1367
3686 2148
9817 2539
5116 2930
2115 3711
1872 4492
2727 5273
1489 5664
6769 6055
5008 6836
3126 7617
8482 8398
6534 8789
2166 95312
4799 9180
742 9961
2625 10742
8391 11523
927 11914
4375 12305
2613 13086
8367 13867
965 14648
1856 15039
1100 15430
6198 16211
5864 16992
7955 17773
2545 18164
2427 18555
5268 19336
1463 20117
1562 20898
2152 21679
6314 22460
9481 22851
4059 23242
1417 24023
1198 24414
2809 24805
8917 25586
4637 26367
8195 27148
5809 27539
7613 27930
7585 28711
814 29492
4598 30273
3111 33398
3089 33789
3816 34180
6713 34961
3375 35742
9213 36523
4214 36914
1619 37305
2327 38086
5031 38867
6006 39648
3268 40039
3482 40430
1984 41211
6998 41992
2618 42773
7596 43164
3666 43555
2801 44336
7772 45117
1875 45898
7962 46289
7574 46680
6365 47461
7664 48242
8831 49023
3952 49414
2066 49805
1645 50586
5846 51367
6568 52148
2708 52539
7406 52930
3381 53711
118 54492
1545 55273
5484 55664
7835 56055
2040 56836
5656 57617
6444 58398
6500 58789
7168 59180
82 59961
7933 60742
7301 61523
7562 61914
7687 62305
316 63086
9820 63867
5989 64648
9244 65039
2491 65430
1628 66211
9525 66992
4946 67773
4677 68164
4196 68555
8782 69336
4757 70117
1747 70898
5979 71289
6064 71680
5320 72461
5769 73242
2356 74023
5000 74414
6146 74805
9301 75586
1547 76367
6276 77148
5604 77539
8208 77930
1846 78711
8914 79492
6632 80273
795 98047
6015 80664
8091 81055
1261 81836
179 82617
4117 83398
7936 83789
771 84180
4088 84961
7545 85742
7723 86523
7627 86914
6626 87305
2529 52734
1405 88086
4183 88867
8456 89648
7099 90039
9156 90430
4833 91211
7170 91992
9142 92773
5551 93164
7803 93555
4822 94336
3402 95507
1968 55468
2995 95898
9050 96289
8487 96680
3597 97461
7489 98242
9850 99023
6928 99414
5242 99805
7939 196
7116 977
8598 1758
5023 3321
6503 4102
2200 4883
9027 6446
7367 7227
2580 8008
9072 9571
1868 10352
4543 11133
7278 12696
8079 13477
294 14258
5339 15821
3246 16602
6425 17383
9271 18946
8547 23046
2668 19727
4332 20508
7709 21289
6901 22070
6407 23633
2324 25196
5429 25977
1919 26758
9010 28321
280 29102
9632 29883
4922 84961
3956 33008
3908 34571
8788 71973
128 35352
602 36133
4273 37696
9000 38477
8070 39258
8857 40821
9290 83789
5446 41602
1361 42383
950 43946
2878 44727
6290 45508
4660 47071
5599 39258
78 47852
3235 48633
5223 50196
7031 50977
9929 51758
5970 53321
6773 54102
568 54883
2100 56446
7491 57227
5407 58008
675 59571
8151 60352
2976 61133
9679 62696
2622 63477
51 64258
4594 65821
5659 66602
7802 67383
3677 68946
8028 69727
3685 70508
7029 72852
9518 73633
959 75196
6848 75977
1281 76758
2345 78321
956 79102
1160 79883
9666 81446
4358 82227
3723 83008
1789 84571
4599 85352
8047 86133
5421 87696
8078 88477
5456 89258
5595 90821
3752 91602
8974 92383
6869 93946
2741 94727
6456 95117
6398 97071
4827 97852
877 98633
1308 30615
3615 30908
4741 31201
328 31494
5249 31787
677 32080
107 32373
8103 52343
2105 32666
2289 71826
3501 72119
1058 684
752 1465
1776 2246
1652 2637
4926 86328
7292 3028
6948 3809
1616 4590
3112 5371
7995 5762
5027 6153
8448 6934
265 7715
1032 8496
8945 8887
6934 9278
7282 10059
6475 10840
2239 11621
4759 12012
440 12403
4879 13184
8742 13965
8630 14746
9427 15137
7887 15528
5359 16309
7626 17090
2635 17871
7634 18262
1663 18653
884 19434
7621 20215
5154 20996
3621 21777
4487 22558
2008 23144
3900 23340
3403 24121
3594 24512
9681 24903
6917 25684
7767 26465
1472 27246
2724 27637
4609 28028
7786 28809
9105 29590
4224 30371
3972 33496
6102 33887
259 34278
7580 35059
7877 35840
981 36621
4864 37012
1152 37403
2879 38184
2565 38965
6147 39746
4779 40137
1956 40528
669 41309
9181 42090
2145 42871
8848 43262
79 43653
9383 44434
3166 45215
5510 12549
8217 45996
3408 99609
5019 46387
3923 46778
9631 47559
8416 48340
6027 49121
6711 49512
839 49903
8140 50684
5961 51465
4678 52441
973 8642
9219 52832
4787 53028
9139 53809
1786 54590
1631 55566
735 55762
5190 56153
8376 56934
4652 57715
9108 58496
8143 58887
4809 59278
549 60059
5512 60840
1561 61621
7728 62012
702 62403
2997 63184
6570 63965
2081 64746
4774 65137
1486 65528
1325 39453
5666 66309
4932 67090
2607 67871
9472 68262
7674 68653
8452 69434
6817 70215
6232 70996
9934 71387
1348 72559
2846 73340
3574 74121
7966 74512
8551 74903
1427 75684
1833 76465
7245 77246
1014 77637
8534 78028
7673 78809
5445 79590
9170 80371
4464 80762
1667 81153
196 81934
6129 82715
5114 83496
5793 83887
3061 58642
2648 84278
6248 85059
725 85840
4533 86621
8790 87012
2620 87403
2858 88184
5564 33740
7692 88965
1632 89746
1133 7568
6323 27490
2267 90137
4753 90528
5437 91309
1740 92090
4593 92871
3211 93262
6638 93653
7770 94434
5784 95605
4260 95996
9351 96387
1718 96778
3004 97559
6636 98340
9573 99121
6490 99707
8958 99903
7785 98
4475 293
55 488
6271 879
2339 1074
185 1269
2348 1660
7157 1855
7528 2050
3645 2441
7221 2832
1794 3223
6780 3418
818 3613
688 4004
2988 4199
3010 4394
9588 4785
7256 4980
615 5175
9900 5566
3183 5957
3354 6348
2406 6543
8768 6738
5715 7129
464 7324
1398 7910
3412 8105
1211 8300
8975 9082
6181 9473
7466 9668
1661 9863
4156 10254
5084 10449
1003 10644
7113 11035
9882 11230
4723 11425
9796 11816
4921 12207
6469 12793
5526 75049
7972 12988
7409 13379
1847 13574
7366 13769
267 14160
7097 14355
5801 14550
5503 14941
8065 15332
5854 15723
5576 15918
1684 16113
2060 16504
2945 16699
315 16894
5702 17285
5825 17480
45 50684
4422 17675
6446 18066
6727 18457
9393 18848
5016 69580
23 19043
6252 19238
6349 19629
2293 19824
6832 20019
4899 20410
272 20605
842 20800
820 21191
6108 21386
1572 21581
8567 21972
1465 22167
9030 22362
9424 22753
2707 22948
2164 23535
8679 23730
8447 23925
248 24316
6168 24707
8077 25098
4528 25293
5164 25488
5364 25879
7836 26074
5541 26269
4601 26660
7840 26855
6433 27050
4966 27832
7757 28223
903 28418
1156 28613
1180 29004
9663 29199
6760 29394
5553 29785
3926 29980
719 30175
9509 32910
2685 33105
2011 33300
6810 34082
8916 34473
6542 34668
7934 879
9321 34863
8323 35254
4742 35449
1035 35644
2378 36035
9924 36230
6701 36425
796 17871
2303 36816
7797 37207
1835 37598
8968 37793
8605 78662
2211 37988
6117 38379
8683 56787
6964 38574
3422 38769
1999 39160
911 39355
2497 39550
4993 39941
5524 40332
6206 40723
5661 40918
2492 33740
5810 41113
4030 41504
9080 41699
7499 41894
7006 42285
6422 42480
4582 42675
8127 43066
4289 43457
1708 43848
5343 44043
3566 68653
346 44238
7881 44629
1526 44824
7382 45019
7708 45410
5649 45605
8267 45800
8058 46191
4392 46582
7722 46973
5499 47168
3007 47363
3826 47754
4762 47949
2629 69141
6591 48144
4882 48535
874 48730
6932 48925
3689 49316
4917 49707
8063 50098
5976 19921
5338 50293
5051 50488
6776 50879
3028 51074
5457 89599
4103 51269
2759 51660
1959 51855
9635 52050
9469 34863
3719 52245
6176 52636
303 53223
1307 53418
6733 53613
1316 50293
6745 54004
6083 54199
9645 54394
2240 54785
9185 54980
9685 82227
9350 16796
787 55175
455 55370
7554 55957
5572 56348
7888 56543
8622 57129
8129 57324
3628 57519
2441 57910
902 58105
2064 58300
4766 59082
6641 59473
2756 59668
7704 59863
3172 60254
4672 60449
4568 60644
5605 61035
6039 61230
3849 61425
8828 61816
1801 62207
8875 62598
5712 62793
8200 62988
5067 63379
5759 63574
3643 63769
9930 64160
4 64355
3744 64550
1894 64941
4587 65332
6265 65723
3596 65918
8729 66113
8799 66504
552 66699
1816 66894
6895 47851
2123 67285
4550 67480
8441 67675
6647 68066
8462 68457
2391 26465
1782 44434
7224 6640
4014 68848
770 69043
7872 69238
142 69824
2904 70019
3464 70410
7943 70605
5355 70800
6412 71191
5257 71582
5163 49121
3888 72363
9979 72754
953 38086
1864 72949
4427 73144
6112 73535
4391 73730
2750 73925
597 74316
3411 74707
3310 75293
788 75488
2349 75879
2712 76074
4148 76269
3734 76660
7359 76855
6841 77050
6418 77441
5883 77832
9620 78223
3283 78418
989 79004
421 79199
6889 23340
8035 79394
586 79785
7274 79980
5736 80175
9462 80566
8439 80957
8694 81348
5214 81543
5111 81738
5870 41796
6313 26367
9815 82129
7646 26952
3026 82324
9318 82519
8521 82910
4343 83105
2534 83300
7399 83691
1815 84082
7918 84473
8005 84668
449 84863
6362 85254
4571 85449
102 85644
6671 86035
7280 86230
6864 20215
5485 86425
632 86816
317 87207
5747 87598
601 87793
4420 87988
2838 88379
9101 88574
8632 88769
3136 89160
7038 89355
7590 89941
9368 50098
733 90332
7560 90723
8473 90918
7463 91113
8424 91504
3193 91699
3203 91894
8287 92285
8341 92480
379 92675
8372 93066
8392 30273
2021 93457
2109 93848
7654 94043
5026 94238
879 94629
1219 94824
2522 95019
387 95214
2013 95409
9144 95800
3000 96191
7612 96582
3495 96973
5554 97168
1048 97363
5482 97754
1653 96093
9998 97949
8854 98144
7351 98535
5007 98730
3131 98925
1824 99316
1023 99511
6721 7641
1372 8715
9083 12622
5612 27563
2252 30688
429 30981
7726 31274
7486 31567
7510 31860
9845 32153
5259 32446
551 32739
8055 33813
7352 56860
4198 58715
8126 69653
2868 82031
8636 71899
7597 72192
8955 75122
4632 78735
8334 89672
8656 7495
3020 8569
5590 12476
5571 27417
1129 30542
3811 30835
6545 31128
1981 98242
5222 31421
7019 31714
1952 32007
8457 32300
8072 32593
19 33667
5468 56714
2968 58569
722 69507
198 71753
9956 72046
4208 74976
3092 78589
1695 89526
867 147
1637 342
1609 98925
6567 537
5022 635
5277 733
5708 928
2646 1123
5760 1318
4368 1416
4184 1514
6122 1709
7818 82031
5855 1904
5411 2099
857 2197
8992 2295
7681 2490
2092 2588
7070 2686
430 2881
2609 2979
5043 25684
5745 3077
9909 3272
2075 3467
2290 44921
1397 3662
3941 3760
8423 3858
7192 4053
8672 4248
8647 4443
7145 4541
7702 4639
261 4834
9057 5029
7323 5224
6799 5322
8508 86523
907 82324
4109 87988
7240 5420
9802 5615
6762 5713
3266 5811
1741 6006
6775 6104
2757 6202
6296 6397
5873 6689
3981 6787
7451 6885
402 6983
2538 7178
1383 2759
2350 7373
503 7764
6605 7959
8704 8154
3254 8349
3742 8447
3639 8838
6944 8936
2606 9131
7196 9229
3667 9327
358 9522
2881 9717
2748 9912
3611 10010
8628 94140
1018 10108
2328 10303
2994 10498
7201 10693
2207 10791
7374 12207
8671 8887
553 10889
7212 11084
3890 11279
8776 11474
4990 11572
538 11670
8774 11865
4470 56946
9723 11963
7128 12061
164 12256
290 12354
436 12842
4541 13037
4626 13135
9860 26562
3955 13233
9936 13428
883 13623
6081 13818
8327 13916
958 14014
7747 14209
4411 14404
8019 14599
3154 84570
5151 14697
7555 14795
1722 14990
5529 15088
5901 15186
6943 15381
1252 15479
3630 15577
5876 15772
8382 15967
7040 16162
2699 16260
192 16358
3500 16553
2906 6543
8532 16845
1777 16943
5517 17041
1926 17139
968 17334
7543 17529
5737 17724
2127 11963
6048 17822
7285 17920
9832 18115
33 18213
4645 18311
8558 18506
3665 18604
7866 18702
115 18897
2059 3858
7592 19092
38 19287
3613 19385
8087 19483
3148 19678
3695 19970
3712 20068
3237 20166
1229 20264
6915 20459
9279 20654
4657 20849
483 20947
7536 21045
6249 21240
5480 21435
1125 21630
4107 21728
3753 21826
156 22021
2615 22216
4089 22411
858 73632
2776 22509
8493 99023
3869 22607
131 34473
1983 22802
7578 22997
5039 23095
6107 49805
6192 23193
4353 23291
5944 23389
7194 23584
5112 23779
1666 23974
4817 24072
3938 63086
5650 24170
2419 24365
5967 24463
6493 24561
9242 24756
775 24854
3969 24952
9608 25147
6470 25342
8276 81933
4679 25537
4258 25635
9378 25733
1592 25928
7391 26123
6377 26318
8689 26416
6771 26611
9201 26709
9228 27001
4647 27099
1388 27197
309 27295
6867 27686
4600 27881
5278 27979
233 28077
8824 65723
1991 17651
7615 28272
2331 28467
4189 28662
1795 18970
4756 3540
9578 28760
3006 28858
4216 29053
5789 29248
1422 29443
6326 29541
7744 29639
1356 29834
2959 30029
450 30224
4508 30322
3440 30420
9400 32959
8591 33154
4045 33349
2101 33447
3220 33545
7661 33936
3086 34131
8616 34229
6511 34327
1920 34522
6391 7837
4206 34717
8741 34912
1610 35010
2036 35108
4595 35303
42 35498
9927 35693
7976 35791
9328 48046
9461 35889
5828 36084
6806 86327
2803 36279
3016 36474
9761 36572
7076 36670
990 36865
4012 36963
6142 37061
9913 37256
5099 37354
2536 37452
7119 37647
7572 37842
9599 38037
311 38135
8769 38233
4611 38428
9257 38623
5018 21948
9225 38818
2532 38916
7412 39014
3922 89440
4342 39209
277 39404
6940 39599
9366 7056
8806 2417
1279 39697
8145 35303
6551 93359
498 39795
9644 24854
4451 39990
1076 40088
7427 40186
9287 40381
7054 40479
3830 40577
7425 40772
2709 40967
6219 41162
2795 41260
443 41358
2717 41553
152 41845
502 41943
1062 13306
7 42041
1207 42139
9160 42334
5386 37574
7270 42529
7209 42724
2057 42822
4084 79394
6284 39014
837 42920
6946 43115
1194 43213
6462 43311
4304 43506
4205 43604
6026 65820
9898 83105
1461 43702
3503 4907
8641 43897
878 14746
8406 44092
4737 44287
9411 44385
5869 44483
3432 44678
6265 44970
5409 45068
5041 45166
9984 89672
2484 45264
7919 45459
9557 45654
777 45849
5515 45947
2541 52343
5841 46045
3095 46240
4618 97363
9596 46338
7633 46436
4870 46631
3346 46729
3780 46827
1638 47022
7253 47217
6242 4761
7677 47412
4872 47510
8344 47608
1699 47900
1115 48095
5668 48193
9837 25220
5992 48291
2910 48389
8286 415
9538 48584
1998 96484
8927 48779
4978 48974
9338 49072
3444 49170
4695 49365
2517 49463
5451 49561
6512 49756
3931 49854
5497 49952
9640 50147
5353 50342
6548 82226
5717 50537
9895 50635
8513 50733
2764 50928
4054 51123
2706 51318
8324 69824
1642 51416
608 51514
2072 51709
7345 51904
4187 635
17 5102
8400 52099
2177 52294
745 52392
4178 52490
8401 52685
9985 52783
6575 52881
850 68555
9931 52979
255 53077
4960 53272
7480 53467
3977 53662
8664 53760
1170 53858
3180 54053
2877 54248
7907 54443
2423 54541
1857 54639
3230 54834
5654 55029
9880 55224
6128 55419
1945 55517
1142 55615
3079 55713
7498 90820
9135 79394
2716 55811
5975 56006
119 56104
4142 56202
9811 56397
2070 17334
2566 56592
477 57178
413 57373
471 57568
1068 57666
9952 57764
5954 57959
1706 58154
5985 58349
871 58447
3327 22875
5118 58838
9915 58936
2518 59131
8359 59229
2661 59327
7764 59522
1831 29492
3008 59717
514 59912
1053 60010
6697 71582
4773 60108
6879 60303
5036 60498
6177 60693
6055 39526
1752 67382
9515 60791
8228 60889
6861 61084
4152 61279
1530 61474
6984 61572
1312 61670
4383 97754
5216 61865
4060 61963
2766 96484
1048 62061
3251 62793
3187 62256
126 62354
1015 62452
4162 62647
8316 62842
6656 63037
5611 63135
1470 63233
761 63428
3509 63623
2664 63818
2949 63916
9148 64014
4523 64209
4015 64404
6440 64599
3292 64697
681 64795
3633 64990
6339 65088
6260 65186
9652 65381
6640 65479
4505 65577
2294 65869
1370 65967
7899 77734
6452 66162
4352 66260
3063 66358
3829 83984
4450 62012
5618 66553
130 66748
7717 66943
5653 67041
5053 67139
8516 35425
1270 37305
2420 67431
4180 67529
3426 67724
6963 64136
2023 67822
5791 52294
1617 54639
4254 67920
7329 68115
2445 68213
559 68311
2062 68506
4551 68604
9449 68702
2683 68897
4793 10230
2377 69092
5237 69287
3446 45996
9535 69385
6983 69873
2632 70068
3390 70166
8643 70264
4945 70459
3536 70654
2242 70849
7566 70947
4244 39587
2742 71045
3231 71240
6658 71338
7679 71436
7114 71631
6899 72412
4113 72510
2942 72608
3936 72803
3176 85059
446 72998
3786 73193
6820 73291
9262 73389
5419 73681
3465 73779
7102 73974
5127 74072
2376 78320
9045 74170
4390 74365
5886 74463
8987 74561
6298 74756
5057 74854
7396 75342
9374 75537
270 75635
1326 75733
6920 86132
4729 9229
2729 53662
4013 75928
918 76123
7837 76318
7672 76416
5324 76514
4329 76709
1311 76904
9134 24292
456 61157
5034 77099
5281 32886
6576 77197
7968 77295
7325 77490
6801 77588
8963 77783
400 77881
5726 77979
4973 78077
2449 75586
4944 78369
6187 78467
576 78858
2922 79053
7660 79248
880 79443
6679 79541
4176 79639
5341 79834
3167 26928
8924 80029
7602 80224
3770 80322
9586 80420
7137 80615
8923 80713
1549 64075
5122 80811
2307 81006
5834 81104
3423 81202
1648 81397
7911 81592
9254 81787
4540 81982
6593 82080
4616 82275
2434 82373
3502 82568
9994 82666
6357 72681
4239 82764
916 82959
9756 83154
9618 83349
9667 83447
2107 83545
7935 28980
8497 32519
2539 12354
8530 61670
6676 83740
8244 83838
8311 84033
1914 84131
6981 84229
4552 84327
2429 84619
8562 84717
749 84912
7439 85010
2630 85108
2908 32886
6244 55517
1596 85303
3622 85498
90 85693
9981 6470
7208 85791
220 85889
1305 86181
5246 86376
9407 86474
4419 27197
8404 86572
6800 86670
6839 86865
7552 28467
6729 86963
462 87061
7093 87256
5520 87354
7308 87452
9001 87647
9888 87842
8539 88037
9887 88135
7537 13086
4463 88233
6144 88428
9238 88623
6257 88818
7845 88916
5930 89014
9125 2026
8893 24463
3045 24561
7238 69385
2122 89209
9592 89795
9574 89990
1376 90088
5568 90186
1843 90381
7397 90479
2636 90577
3038 76977
4279 90869
3852 90967
5787 91162
4749 91260
4237 48462
5740 91358
9777 91553
948 91748
2559 91943
6662 59400
3275 92041
4259 92139
6225 92334
4592 92529
7014 92724
2285 49903
1569 92822
1396 92920
5665 93115
3291 22411
1128 93213
9491 93408
4867 93506
4318 93604
6375 93702
8140 93897
5994 73462
6930 43311
3798 94189
8306 94287
6764 94385
7312 94483
289 94678
1344 91040
4041 28077
9966 94873
271 95068
8922 95263
3051 16553
325 95458
1911 95556
7582 95654
5558 95849
7237 95947
1505 96142
2693 96240
9159 96338
9615 87964
9556 96533
7616 85010
1272 96631
6460 96729
9023 96827
3504 6275
7902 12964
3075 44336
8778 52685
1379 97022
6183 97217
7982 93653
9329 97412
6123 6836
6262 97510
4358 97608
6476 97803
1915 97998
1083 98193
8000 98291
1099 1367
7659 98389
6880 98584
3114 98779
3492 72412
5699 98974
1611 99072
1182 99170
7059 58227
3500 99365
4141 97095
10 99560
5366 47827
5298 99658
340 99756
808 99854
7421 99952
9589 49
9084 244
2669 830
4335 1025
685 1220
4531 1611
5960 1806
349 85108
2847 3174
5404 3369
2066 3955
7435 4150
7923 4345
8027 5517
1859 5908
2860 6591
672 7275
1051 8056
4263 8251
8879 99756
1543 9033
6949 11474
8394 9424
2147 9619
3814 9814
2823 10400
454 10595
2948 10986
7850 11181
3558 63550
439 11376
8109 11767
4093 12158
2149 12744
4217 13525
6105 13720
5505 90259
8334 14111
2909 14306
5254 14501
1415 14892
2876 15283
8756 15674
5969 15869
7690 16064
9529 16455
6621 97925
9775 84546
3872 86376
7650 46509
7277 16650
4182 19751
2286 16747
2270 17236
2519 17431
7758 18017
9092 18408
4376 18799
4303 19189
4908 19580
982 19872
1709 20361
6160 20556
4444 79370
8816 20751
8095 21142
84 21337
1704 21532
1320 22118
2091 22313
1880 22704
8789 23486
2665 39746
7614 23681
8247 23876
8818 24658
8708 25049
8736 25439
7558 25830
6191 26025
6667 26220
342 26513
8762 26806
1522 27783
6955 28174
1702 28369
9797 99658
8767 28564
3394 29150
8196 29345
3893 13184
3803 29736
1106 29931
6194 30126
9184 67920
1950 33056
153 33251
8290 34033
1145 34424
2114 37964
8335 34619
7959 34814
2012 35205
5047 35595
4490 35986
905 36181
8262 36376
6966 36767
5258 37158
7081 37744
7269 38330
5217 38525
8577 38720
7407 39111
1116 39306
441 39892
6865 40283
3764 40674
6072 40869
293 41064
6040 41455
6767 41650
4134 52099
8460 41747
791 35205
9536 42236
3873 42431
7118 42626
1054 98193
7996 43017
5945 43408
8297 43799
2321 43994
7126 44189
7395 44580
7091 44775
2003 44872
3865 45361
6379 45556
7630 45751
65 46142
7000 46924
4894 47119
8463 47314
4790 47705
8099 47997
9742 48681
7809 48876
5479 83032
3968 24072
3132 61279
8349 49267
7363 49658
2802 58508
3066 51245
3065 47656
1573 50049
232 50464
6619 50244
409 50830
3632 51025
2282 51611
744 59839
3932 51806
6905 52001
7347 25488
1497 75049
8687 52196
8315 52587
723 53174
8375 53369
2635 53564
1971 53955
7736 54150
8190 54345
8491 54736
7742 54931
8045 55126
9482 354
7317 46142
1404 55321
2265 55908
7740 56299
9954 56494
5767 57080
6829 57275
1136 57470
2785 12683
9313 57861
709 58056
2800 59033
4322 59619
5173 60205
3506 60400
2772 21948
5845 60595
1697 60986
881 75733
5181 61376
8278 61767
2506 62158
292 62549
4636 76514
579 62744
7377 62939
1340 63330
4421 82202
5447 63720
844 64306
2243 64501
2478 79590
8903 64892
2866 65283
1987 65674
7838 65771
4951 66064
8885 66455
2150 66650
9522 66845
4866 67236
3555 48242
9734 40137
780 67333
7784 67626
868 68017
7795 36035
4300 68408
3736 68799
4120 68994
4985 69189
6891 69775
2378 69970
5780 70361
5158 70556
1407 70751
2839 71142
9864 71533
5496 64306
5859 72314
4026 72900
8570 73095
3154 73583
9650 73876
5868 74267
2941 74658
5878 75244
4047 75439
8559 75830
9533 98389
145 76025
4977 76220
8830 76611
1924 76806
5296 77392
8912 77685
7603 78174
8802 41894
701 78271
4295 78955
8401 79150
5982 79736
13 79931
2590 80126
9388 80517
2721 80908
8758 81299
2655 81494
2212 81689
845 81884
3222 88306
6150 82470
7232 82861
4163 83251
3469 83642
2990 83935
1248 33202
3429 7373
2048 84424
4739 84814
4676 85205
6193 59522
117 85400
6109 85595
2244 85986
5818 86083
8548 86278
3249 86767
8025 87158
4177 87549
7402 87744
2233 85742
4288 88525
9256 88720
4637 89111
1278 89306
8549 89892
1002 90674
2079 90771
29 91455
3397 91650
9674 91845
7341 92236
6508 92431
2981 92626
5671 93017
5794 93310
2467 93799
4857 93994
6900 94091
1008 94580
4476 27246
1540 94775
2634 94970
3196 12738
970 7178
5680 73340
5782 83838
5579 10400
7398 94091
6294 29736
2046 95165
8225 95360
5460 95751
9165 19140
6815 16504
2805 90577
2787 20996
8881 62061
2551 73340
6530 96044
6100 78662
6514 96435
7489 18164
8399 96924
5678 97314
1423 97705
9932 98095
6808 98486
697 37452
5675 24561
1555 98681
3083 2820
4138 7373
3305 98876
4669 99267
578 99462
9370 56903
8949 56989
7946 89483
6581 89397
2791 17968
3177 26806
8214 77881
425 99511
2448 7678
8640 8752
7794 27600
8959 30725
9870 31018
3511 31311
8234 31604
7664 65674
5538 88086
4089 31897
1286 32190
7669 32556
3783 72314
4423 43115
7315 27148
560 79736
4333 64990
3866 96386
8464 34424
4556 72949
6960 32776
36 61718
6413 33850
5669 58752
2591 69690
6459 71936
5838 72229
2865 75159
7855 48827
5937 78772
9347 89709
3338 451
9227 1989
7516 2062
946 2380
7056 2453
9655 2722
2919 3503
1001 3576
1223 4724
2650 4797
8254 33007
7405 4870
5405 4943
8398 5065
7299 2337
5010 5138
2379 6238
8018 6311
7978 6433
491 6506
7806 7019
9670 7092
2915 70556
6148 7458
6489 19140
6931 19434
6740 21191
2191 7531
4081 7604
4385 7800
5498 7873
9035 13428
4367 95165
4502 8532
3192 8605
6448 8678
8614 3711
7993 28369
8486 10193
7816 6506
1102 10266
4854 12439
420 12512
6504 12585
4519 12927
2907 13000
2342 13269
7309 13342
1066 17614
8062 17687
8166 18933
6719 19006
8726 28369
7110 19714
5906 19787
73 21911
2796 21984
1104 22838
8971 28223
3608 22911
975 70898
5013 24255
8661 24328
7428 25183
6445 25256
8454 26891
1853 26964
3691 27380
6895 73730
4987 6274
4826 27453
741 27526
7155 28943
4344 29016
6873 30505
584 24609
5569 30578
3135 30651
2652 30798
7909 66211
6845 92920
1373 30871
7697 5713
54 30944
1745 31091
2027 31164
6414 31237
7231 78369
95 95019
1788 31384
3496 31457
9327 31530
5950 31677
8029 31750
4462 31823
2752 31970
1176 2930
8117 32043
4918 32116
2510 32263
6533 32336
9847 56250
7876 42822
7940 64843
4078 32409
3435 32482
2369 32629
895 26416
8962 44921
57 62988
1779 32702
6620 32849
5436 32922
7340 9424
3373 24291
3708 33630
5266 33703
8490 33776
4868 35388
8617 35461
368 37537
5777 37610
5030 56946
6972 37927
4116 38000
5630 74805
1191 39489
4294 46472
8915 30688
9570 46545
6293 47790
5207 47863
6180 48425
5210 48498
7264 50427
4171 50500
373 51208
3029 51281
9153 56677
3214 402
1300 56750
4016 56823
5752 58190
2364 58263
9381 58605
3285 58678
5148 59363
8193 93604
2384 6976
3598 59436
3450 57178
6031 59802
163 77197
9058 33776
9713 59875
6115 61120
8142 61193
6043 63513
4995 63586
4046 28613
517 64172
9639 69470
136 69543
6877 69616
8167 71716
3124 39642
2121 64746
4173 71789
159 71862
9535 72009
7628 11963
8542 72082
6870 72155
8351 72644
5701 72717
2916 93115
5685 73425
6608 73498
3322 74939
1353 75012
9968 93359
3332 75085
5168 76940
1098 77013
8796 78552
2394 402
5804 72644
6283 78625
1758 78698
9331 79333
9205 79406
4565 82165
9812 82238
3535 82995
7239 83068
5839 84509
720 84582
1366 87927
4203 88000
9806 88269
7235 22313
3551 88342
2694 13525
1846 89562
8833 89635
9577 90222
4583 90295
1854 62354
960 91003
5645 91076
1358 74512
1070 97058
3406 781
6819 97131
4285 97888
9339 97961
5504 78174
9654 323
3561 2789
4904 2850
3069 4906
6536 12652
971 39556
6237 58477
5116 58538
7379 64044
1419 64105
9348 75830
9077 20898
6991 94678
228 99756
4284 10229
651 12710
9243 12765
4975 39614
7834 39669
1230 73
3698 122
5326 171
1139 268
3671 40918
1022 82165
2184 426
2046 512
3401 561
1206 38135
5514 610
1732 659
9218 21728
1457 708
2898 805
8587 9717
2415 854
4743 903
7885 952
5354 33703
4063 1049
9412 93213
7655 15528
7519 57959
5256 55077
7303 59479
5643 1098
3357 1147
327 1244
4687 1293
8273 1342
2754 1391
5872 1440
1064 1489
5162 99560
603 75390
400 85254
9637 1538
6629 1635
7127 1684
2112 1733
7210 1830
6628 1879
3800 1928
7148 2123
3213 2172
2567 2930
8618 2221
8277 2270
8 2514
3137 21142
9967 2563
1738 2612
3911 2661
3875 2905
1431 2954
9387 22411
5852 70800
4360 86181
8667 18933
3850 3003
87 3052
4073 3101
5318 3198
6356 50342
9885 3247
6221 3296
9783 3393
955 3442
5119 3637
2370 3686
7762 99952
6580 3735
5983 3784
2456 3833
5475 3882
1893 3979
312 4028
5613 36914
9933 34912
4796 4077
3382 4174
4936 4223
8586 4272
7820 4369
1511 4418
6893 4467
6925 4516
8374 87500
8890 4565
2867 4614
2367 56153
9249 4663
1247 5004
4934 5199
9660 5248
3601 5297
8668 15869
7896 78588
3273 1489
9579 5346
5507 5395
3171 5444
9701 4906
1209 5541
3287 5590
5272 5639
711 5688
4843 5737
3721 5786
7725 5835
4733 5932
1625 78625
2362 5981
8941 6030
2065 6079
5401 6128
4195 6177
3618 6372
2252 6615
1426 6664
8835 2691
3583 6713
4674 6762
4807 6811
9503 6860
7092 6909
933 7153
248 38428
5796 70019
6370 7202
2963 7299
7348 7348
4646 50000
2868 7397
7889 7739
6437 93604
8911 610
1811 7934
5531 36572
3238 17968
9893 7983
2222 8080
9226 8129
8566 48876
4529 8178
6361 8275
2687 8324
7476 8373
2714 8422
3493 8471
2780 82470
2876 15283
3537 8813
6363 58147
5388 8862
65 8911
9867 8960
4348 77539
80 9057
6213 9106
1814 89709
1870 41162
162 9155
8166 9204
1865 9253
2964 82666
5999 9302
4853 9351
3197 76318
1733 9448
9100 9497
4693 9546
9168 9643
9269 9692
6749 9741
4803 9838
3984 9887
3031 9936
8386 9985
113 10034
2224 48974
3339 10083
9901 55566
5396 4333
2917 10132
2413 10327
1519 10424
9743 10473
2154 10522
1140 10619
8579 10668
5913 10717
4339 74463
360 22874
1605 10766
2254 10815
6335 10864
6049 10913
4802 11010
9854 11059
3241 11108
2725 11205
5607 34668
380 6054
8649 11254
3323 11303
1119 53858
6291 82764
4103 37109
3085 33056
1784 11400
1523 11449
8518 11498
856 11547
8210 11596
1586 45264
7260 19829
481 37354
6826 5101
1485 11645
3591 67041
1007 7678
6207 11694
2450 11791
8625 11840
8321 11889
2457 11938
7547 11987
8523 12036
7559 12085
8785 12182
5344 12231
3108 12280
8212 12329
6744 12378
5002 12817
2144 12866
6416 36230
4783 39014
338 7372
6482 4943
3795 9204
9935 13061
5907 13110
526 13159
9947 13208
1265 13403
8205 13452
5065 13549
1381 13598
2305 13647
4944 13744
7316 13793
4683 20702
7753 13842
5142 13891
4768 13940
3074 41162
4623 56055
9834 13989
4242 14038
1250 14135
9326 14184
6761 89351
35 14233
9865 14330
8299 19434
5150 14379
3977 14428
7949 14525
8898 14574
2428 1208
6137 14623
3370 71289
7788 14672
4702 14721
6663 24072
3641 14770
8470 14819
7283 14916
6982 14965
2304 15014
8073 15063
4309 15112
5897 55664
8546 80762
3858 83154
8489 83789
9014 57275
860 65674
5183 14269
1285 30944
9770 15161
281 15210
442 15307
8938 11400
5261 15356
1998 76123
3035 57275
4099 45654
6980 79541
5984 14880
8892 15405
8673 15454
1031 82764
8378 15503
5058 15552
3042 15601
6239 1989
6240 11620
1321 70166
8615 37927
5757 8422
2309 15698
8253 15747
2231 15796
3404 98974
3115 15893
7495 68115
9502 15942
4763 15991
8467 16088
5238 16137
8761 16186
5305 16235
9687 74512
8809 73925
402 16284
8584 16333
3036 16382
1411 16479
8754 16528
6704 16577
9446 16674
4994 65771
1259 16771
9754 33398
9545 16820
5424 16869
226 16918
9527 56786
6790 16967
8314 30614
2793 9582
2159 17016
7003 17065
4605 17114
2644 17163
463 43848
321 17571
1774 6762
2074 1635
4816 17260
2412 17309
27 17358
2084 67871
7356 17455
3441 17504
692 17748
1702 17797
9512 36474
2533 48974
7108 17846
5165 18213
919 18848
2957 66309
9134 3710
2262 17895
706 17992
7986 18041
5038 18090
5157 18139
1613 18188
1445 18237
9458 50543
8996 18286
193 10864
6539 18335
821 18432
3782 30420
7203 18481
6028 74512
7629 18530
3383 18579
9664 18628
4681 18677
9738 26367
3233 12765
8520 18726
9417 18823
6138 6786
5774 18872
1773 93115
9046 19067
3755 19164
9508 67724
8136 19213
3921 19262
7473 19311
2195 19360
6089 19409
6153 6786
1925 19458
8935 41650
6603 19507
6062 19604
3740 19653
4220 19896
9401 19945
591 19994
7929 20043
2202 12329
4888 20092
9948 20141
5918 20190
9597 20239
3306 20288
4068 20385
5089 20434
4666 20483
2311 20580
8876 93994
9129 27380
8585 20629
3116 20726
9164 20775
5824 18016
8389 20824
3828 20873
3968 20922
2299 20971
8244 21020
2977 21069
4835 21166
3184 21215
2613 21264
9848 21361
3945 21410
4306 21459
6498 53467
7220 96631
8834 68066
9862 21556
9768 21605
5385 21654
1589 21703
2848 21752
3863 21801
893 21850
3724 22045
1714 22142
3898 22191
1164 22240
4498 22337
1556 27246
9239 22386
1010 22435
5955 22484
3265 22533
6997 22582
8813 51757
865 22631
8148 22728
8717 22777
9074 22972
1149 70996
3098 92822
7050 4302
1271 23021
939 23070
9026 23119
1838 82764
2577 23168
7022 23217
5389 23266
3745 23315
2832 71673
2578 23364
5410 23413
1253 23510
8887 23559
4164 92187
329 23608
6574 83349
8141 23705
2654 47559
4837 23754
6439 22667
5900 13817
5189 23803
9008 23900
6881 23949
256 23998
5657 24047
9840 24096
3026 24145
283 84424
2338 24194
1067 20665
3350 6402
273 24389
7735 24438
6774 24487
7748 24536
6714 24633
8481 24682
1593 24731
8189 79980
9978 24780
4430 24829
9420 24878
6311 24927
125 24976
6784 63135
6261 98291
3874 25073
4538 25122
6936 25317
805 25366
9682 25463
7136 25512
6569 25561
6792 25610
7827 25659
1918 25708
2474 25757
4126 25854
7501 25903
1108 34327
6541 25952
9243 26049
7605 26098
8993 26147
558 26244
4221 26293
6345 26342
671 26391
2261 26440
4621 26537
823 26586
2130 26635
7496 26684
2426 29639
3834 35791
3328 73632
435 97608
2938 561
7980 21166
4435 26733
6169 26830
8948 27025
8329 27074
5621 27123
8770 27172
63 27221
7589 854
337 42285
854 27270
213 27319
995 27661
5307 66113
1771 29834
5583 27710
3792 1989
1403 27807
8340 27856
1977 27905
5768 27954
1357 89209
5894 28003
5822 28052
1525 28101
9757 91406
1928 28198
3477 28247
1707 28296
7222 28393
5909 28442
9658 28491
1069 28588
2596 28637
6916 14269
7540 3101
8663 18505
8613 28686
1857 28735
8119 47363
3419 28784
3430 28833
405 28882
5716 29077
8021 29174
8162 29223
6317 29272
7577 29369
9471 29418
9692 35791
9295 481
5896 29467
8995 22106
9406 29516
704 58641
2894 29565
9963 29614
5758 29663
3151 29760
7887 29809
6860 1830
2804 29858
8545 29955
4156 30004
3521 52979
3680 54980
8304 93799
9017 1574
2035 5248
9480 13183
4043 30053
17 62890
4480 30150
5898 659
2989 43506
6850 82031
5556 30199
8251 30248
9923 1238
1246 75537
9863 30297
2961 30346
9623 30395
9110 30444
1500 33031
1541 33080
7696 33129
1449 33226
66 33275
6388 20116
4512 33324
7393 43799
7874 97888
2782 33373
2690 33422
6670 33471
1954 33520
4422 33569
186 33911
1980 33960
8269 74267
7849 34057
8209 58263
746 33031
8798 87598
4350 34106
3030 34155
6332 34204
9996 34253
5416 34302
1989 57034
5179 34351
4665 34448
8479 34497
1420 34546
6408 34643
7712 34692
8182 34741
7853 34838
4722 34887
666 77930
2214 34936
7932 34985
3160 35034
5776 39160
7862 80615
8784 8422
9250 22014
3737 62939
7691 35083
4810 35132
2730 35229
5101 35278
8342 32153
2829 35327
6329 35522
7947 35619
710 26073
5274 94580
587 35668
5255 35717
2203 62988
8336 35766
836 11449
371 95654
5349 28027
9631 30444
2210 42675
7033 35815
2495 35864
6692 35913
3751 36010
8639 36059
8236 36108
1680 36205
7288 36254
6215 34057
9372 36303
2442 59759
9955 36400
6779 36449
6602 36498
3418 36547
687 38086
2815 7983
667 36596
7154 36645
6477 36694
8494 36791
7410 36840
8908 36889
8128 47265
8258 36938
7524 36987
2459 37036
1310 37133
3525 37182
4869 56006
1442 86425
2616 64501
5601 90722
1212 10741
897 15356
660 708
6505 24951
8211 3076
4040 33104
3576 37231
8303 37280
7160 37329
8877 37378
3262 37427
3655 37476
5667 37671
2325 37768
2096 37817
1508 37866
2750 38061
1953 38110
1584 38159
6119 38208
938 38257
7910 1769
3758 38354
9268 38403
4651 38452
406 38549
8590 38598
3799 38647
9587 4565
6232 1604
7783 21239
2515 33373
5458 34253
6872 38744
7123 38793
7420 62890
3994 1513
6327 1049
2469 38842
4058 38891
75 1604
641 38940
6074 39062
168 84582
9739 24597
5008 6207
6562 38989
3989 39086
2302 57812
3720 39135
9369 50928
1077 39184
9034 39233
6087 68945
7557 39330
2493 39379
2106 39428
9282 39721
2264 96337
3226 39770
9611 6375
4255 13549
8360 39819
9998 39916
5534 43457
2874 14159
7676 39965
2055 40014
3771 40063
6631 2636
2068 40112
1639 40161
4976 40210
979 40307
7008 40356
782 40405
5175 40454
465 3076
9291 40503
2042 40552
8423 40601
4061 45264
7515 40698
629 40747
8940 40796
8973 40893
1169 40942
6431 8862
3914 40991
7836 41088
9403 27221
5597 77881
1986 3539
5966 17537
4690 41137
4140 44483
7649 58437
8499 7567
2052 41186
7101 41235
4166 41284
5559 41333
5586 41382
9824 41479
593 41528
8009 50427
529 48144
2965 55566
8550 82031
5500 82617
5426 13000
3568 610
6035 70264
2962 23924
4121 41577
1456 42480
9541 41674
2103 41771
8231 5590
631 56201
5391 18237
2626 34448
515 41820
2526 41869
3582 41918
8264 41967
2051 42016
4474 42065
9992 42114
9549 42163
8719 70898
7991 57129
7575 42260
6633 42309
4544 83935
5687 42358
8325 42455
5286 49512
4784 34204
8243 14672
6209 42504
4406 42553
5083 74267
5143 42650
6267 42699
4052 42748
8328 42797
4394 42846
2895 42895
1885 42944
1520 43041
8567 43090
311 43139
6649 43188
2851 43237
2912 43286
357 98535
1907 43335
274 43432
9106 16991
1095 43481
9711 43530
8425 43579
4363 64004
3838 43628
385 43677
2592 43726
88 43823
7818 43872
1864 6942
2530 46472
5879 43921
5863 44018
7094 36339
2160 44067
6354 44116
4005 12206
9384 44213
4308 44262
5048 44311
2087 44360
1491 24511
2366 44409
2595 76611
7186 1659
2318 49121
6922 12791
3741 44458
6246 44507
9355 50976
4441 44604
4037 80077
6 44653
2053 44702
4161 44799
8211 44896
3380 54834
7417 44945
8130 44994
6165 45043
2897 45092
5799 45141
6716 45190
1478 45239
1458 45288
5546 45385
8495 14696
8635 17870
7011 45434
3592 31677
5253 8532
4782 45483
8535 45580
2153 62939
4053 68115
8626 45629
7332 45678
2807 45775
1901 30089
541 45824
1214 45873
6525 45922
4031 390
2388 45971
5233 46020
4004 46069
173 46166
3461 46215
5251 46264
6996 46313
555 46362
7541 15966
1903 46411
2740 46606
3199 46655
8220 46704
2386 46753
410 46802
9763 46851
5117 46948
9582 75390
1635 1604
6405 509
5893 46997
1008 47046
4484 38208
6227 47143
1085 47192
2771 47289
7734 47338
2382 47387
5628 78320
4992 30321
4738 47436
6576 47485
59 47534
7894 47583
863 47680
5836 47729
6732 84278
4795 32190
9781 47924
7071 48021
6752 48070
5291 69287
7248 94238
2010 68555
2507 61236
7754 31054
6063 19286
5061 40722
1406 48119
5194 18603
6057 48168
2093 35278
9687 44360
4429 48217
9494 56946
5072 16869
8525 48266
4558 48315
3950 48364
4831 48559
2314 48608
4091 45288
5981 48705
850 48754
5380 4028
9928 3393
2696 95360
6904 48851
9624 70264
7279 21130
9625 10741
2283 48900
1410 48949
9325 48998
2024 49047
1599 49096
516 49145
6787 30907
3110 47289
1730 49194
5172 76976
7925 49291
789 49340
847 49389
482 99805
5353 66699
1504 49438
8572 49487
6919 97924
4935 90674
2498 49536
4231 49585
1870 49682
1490 49731
5875 82324
6346 49780
4371 49829
1562 49878
4781 49927
849 75976
7792 4565
931 61376
231 50024
4230 50073
8703 50122
8832 50171
4963 50268
8492 49145
6173 50317
2680 50366
7609 5505
2688 50610
3243 50659
3439 2270
6630 80859
8860 8299
2028 82568
4090 18371
1615 50708
1701 50757
3997 50854
1818 50903
3831 51000
4644 42394
2439 51049
6595 44262
4222 49462
2563 51098
9490 51147
8447 14965
196 27349
8312 51342
6118 51391
1256 51440
820 51489
3777 57715
5904 3539
1162 83068
5705 89562
9212 51538
9353 51635
9600 51684
1982 51781
2486 51830
7545 51879
7421 51928
4865 52025
8960 52074
2161 52123
7461 52220
2864 52269
9689 52318
4269 45629
114 52367
9452 52416
5200 52465
1793 84033
7839 93506
9273 52514
5827 34448
4604 52611
2666 769
9311 52660
7230 52709
1513 77588
1073 52758
6487 52807
1318 52856
9766 52905
1927 52954
7193 20635
6340 62939
1682 53003
8301 53052
6483 53101
562 71862
320 43005
862 46575
3727 69238
1060 53198
5435 53247
819 53296
2006 99316
7159 53393
6211 64599
5623 52367
7322 65967
2098 53442
9562 66113
4311 80273
5829 63720
5627 92577
7950 53491
2980 53588
3099 51342
7141 53637
5596 36278
5816 53686
1231 64941
682 53735
1978 16710
9115 53784
6277 18041
1889 27563
4002 85010
7385 90577
3433 71142
6272 53833
2041 82568
1830 14330
8979 53882
4379 53979
1673 18004
1634 54028
4028 54077
5753 58678
1082 3003
5991 9351
1715 54174
773 54223
5169 54272
9167 54369
2736 17772
3260 54418
8755 54467
3194 54516
1757 14880
4455 54565
6594 92334
8396 93994
5580 8019
3179 66455
6394 54614
5963 54663
2257 54760
7437 54809
9061 99805
5699 81250
7542 24255
4696 26415
181 54858
9334 54955
6885 66992
4506 55004
712 28357
3544 9179
6124 55101
1359 55150
6424 55199
3693 55248
1367 3271
9694 55345
1237 55394
993 55443
899 55492
4925 55541
2678 55590
31 55639
6320 55688
8821 55737
8188 55786
8377 55835
6398 25610
7683 50903
7051 62403
1940 55932
9029 55981
2979 56030
2020 21239
2923 42424
3876 56079
482 1903
5490 56128
6965 56225
8593 56274
4656 51781
2502 56323
9443 56372
8571 56421
6554 56518
987 94873
7499 56567
9245 48394
904 56616
9474 57104
3778 57153
4460 57202
6585 57299
8098 57348
2031 57397
9426 89209
138 57494
2806 57543
3970 57592
8354 57641
2336 57690
1512 17575
3081 89752
1595 51391
5637 57739
5525 57836
8781 72851
1190 4113
6623 15038
1696 33569
8648 95311
9066 15832
7430 22191
4107 57885
5973 57934
6509 57983
9829 58080
4021 60693
1532 58324
6910 58373
1731 58813
2083 63428
2976 58862
6005 31274
5077 58911
4825 76269
8222 38232
9612 58960
6834 10229
4253 59057
2399 31713
7344 59106
2953 24657
1394 50878
5975 59155
8921 59204
7346 94238
1553 59253
2117 59302
9784 59546
6422 65918
3824 59643
3668 92822
7960 89712
6786 69140
6091 41893
7376 57299
2850 59692
3847 59936
6973 59985
2558 59905
9019 60034
354 60083
6373 91211
3438 18652
2600 77197
6464 75488
7793 55871
9855 60132
5441 74365
6259 80371
8611 81055
3937 31457
207 60229
4181 60278
6287 21385
2040 60327
1041 60424
3120 60473
9920 67139
7135 952
832 60522
9076 60619
8345 75488
7707 10741
8733 60668
468 60717
726 63960
3101 37732
6937 20434
3470 35327
9821 45434
123 60766
4555 60815
7134 62890
8913 55345
221 93653
3424 58405
8800 60864
5615 60913
8034 61010
4476 61059
6018 61303
4915 61400
7275 61449
6033 61498
8232 61547
9487 61596
5565 61645
288 56823
6641 61742
3942 61791
8812 61840
1056 92138
750 98291
246 37072
6691 37402
5843 61889
2562 61938
382 61987
5679 62036
6988 62085
7779 62182
5120 62231
344 62280
4900 62329
2215 74316
783 74609
4473 20635
2811 62378
7610 62427
2000 55345
2151 62476
8307 61303
3162 62573
2201 62622
7535 62671
9223 62768
9659 62817
7924 62914
1386 62963
6149 98632
50 42391
5641 30395
7878 77881
7247 63012
8779 63061
4873 63110
8291 63159
1175 34448
9484 63208
7526 63257
6792 12378
2538 26561
7073 38318
3161 1903
6420 56372
100 63354
3886 63403
5208 63452
2206 63647
9936 63744
5953 63793
6184 63842
5519 95068
1916 29699
1187 37640
6248 63744
9383 63891
7859 64233
1339 64330
9618 64379
4104 64428
5616 64525
1347 23973
5282 64574
8181 57800
8886 64623
4472 59479
3315 64672
1375 31237
8020 64721
7018 28027
9354 54003
8531 64770
2315 64867
6239 64916
4717 64965
7856 56616
813 65014
7306 65063
2043 65112
8691 65161
8507 15552
8465 65210
4096 91650
1988 65307
1134 65356
5980 65405
3785 65454
9391 65503
7651 65552
7009 65601
5508 65698
4898 65795
1266 3918
1180 71713
844 15722
5289 65844
9560 65893
6271 65942
1860 65991
25 66088
6088 34387
3459 16528
8847 92675
1806 5810
536 35107
3844 47704
5081 57592
6263 63257
7723 66137
1796 29393
9590 66186
4018 66235
9182 66284
8024 66333
5252 66382
5535 66479
488 66528
5431 98340
9706 66577
1072 66674
18 66723
1798 62732
9879 13208
9255 66772
4129 69336
9911 97461
470 66869
620 66918
7377 66967
1955 67016
9135 67065
8868 67114
8459 67163
864 67260
2659 67357
5263 66638
2330 67406
5056 67455
5522 67504
9902 56616
3324 32153
9380 67553
2978 46704
1812 73632
4482 29016
5595 77056
4214 48900
7623 67650
155 42650
6185 7531
8981 94921
5241 31677
7599 7769
7528 55516
6528 28527
486 67699
8776 67748
8814 67797
5561 67846
5413 14989
7631 67895
7817 67944
3837 68041
5786 68090
6038 68139
8626 68188
5089 68225
2287 68286
8197 68335
2415 68432
6745 10558
658 38793
9546 68481
7320 68530
9850 68653
3650 68579
935 20971
9301 46826
7311 68628
8561 68677
1487 68726
2837 68823
5773 31567
7923 4302
5493 68872
3934 68969
4048 91357
754 69336
1506 47644
9308 15380
6195 6207
4413 69018
636 69067
2720 69164
4513 82861
1402 56713
6606 69213
9477 69262
9320 69311
3198 69360
3935 69409
906 69799
2433 69848
3600 69897
8701 69994
7813 70043
5933 2221
5664 70092
1052 70141
1291 70190
5926 70239
8357 17260
588 70288
2627 70385
1428 70434
2347 70483
1764 70580
4469 70629
9883 70678
4610 79736
3335 26476
7063 49902
7272 28833
3992 70775
514 70824
6353 13989
8221 36815
9224 70873
8157 70922
6907 70971
8745 21160
2345 86767
4132 47729
485 6152
6906 23192
7369 29540
2497 71020
802 71069
4731 71166
4597 71215
7216 71264
7831 71313
367 71362
7711 71411
7023 71460
7130 71557
1205 71606
3823 72338
5978 72387
318 72436
6146 37732
9180 72485
1017 72534
7997 72583
6133 22215
2784 72778
8105 72875
3944 72924
901 51000
56 66210
6926 72973
5690 73022
8071 58678
6859 82080
1334 47759
7938 69237
2639 73119
