5228 1
4974 500001
1936 250001
4068 750001
1827 125001
1898 375001
1341 625001
373 875001
5616 62501
107 187501
2635 312501
8713 437501
4172 562501
1998 687501
7750 812501
8055 937501
1354 31251
3564 93751
563 156251
9822 218751
9829 281251
9346 343751
7429 406251
6843 468751
4522 531251
2839 593751
7795 656251
8688 718751
157 781251
2121 843751
3252 906251
6415 968751
6427 15626
7794 46876
3593 78126
5408 109376
8793 140626
2995 171876
2281 203126
5758 234376
6008 265626
4159 296876
114 328126
4792 359376
8544 390626
7911 421876
19 453126
1090 484376
7073 515626
4220 546876
