8107 1
4358 500001
4392 250001
5192 750001
9590 125001
1466 375001
7752 625001
5021 875001
5668 62501
7795 187501
1298 312501
1055 437501
5154 562501
1374 687501
9516 812501
3515 937501
6303 31251
8840 93751
4033 156251
4006 218751
4570 281251
2985 343751
64 406251
9748 468751
3386 531251
8979 593751
2132 656251
4523 718751
3027 781251
4303 843751
2327 906251
4942 968751
1143 15626
9556 46876
2863 78126
2031 109376
842 140626
2722 171876
5586 203126
6167 234376
1457 265626
1245 296876
4087 328126
7554 359376
4340 390626
1620 421876
1687 453126
3249 484376
5583 515626
7182 546876
8299 578126
4209 609376
3354 640626
3487 671876
7191 703126
4293 734376
6467 765626
7527 796876
2757 828126
9040 859376
1332 125001
1111 890626
7479 921876
6002 953126
1778 984376
9662 7813
2026 23438
8513 39063
9789 54688
1184 70313
3663 85938
2262 101563
327 117188
4656 132813
1152 148438
6676 164063
8699 179688
3086 195313
3184 210938
2465 226563
9703 242188
1629 257813
5614 273438
4 289063
7454 304688
102 320313
2219 335938
7733 351563
6259 367188
9375 382813
6349 398438
7688 414063
7572 429688
1420 445313
9036 460938
9395 476563
2059 492188
6691 507813
5161 523438
1963 539063
4623 554688
7100 570313
6655 585938
611 601563
1380 617188
6429 632813
6910 648438
1018 664063
5573 679688
7644 695313
8078 710938
6135 726563
2012 742188
8821 757813
8573 773438
3169 789063
4072 804688
7240 820313
192 835938
2316 851563
1966 867188
9054 882813
468 898438
5990 914063
362 929688
7425 945313
7967 960938
3822 976563
1975 992188
9220 11719
9347 27344
6973 42969
503 58594
1062 74219
228 89844
242 105469
2 121094
5262 136719
1309 152344
7157 167969
9031 183594
1589 199219
3526 214844
601 230469
8625 246094
6238 261719
1978 277344
2087 292969
3933 308594
8795 324219
2106 339844
1252 355469
1338 371094
6110 386719
36 402344
4070 417969
5960 433594
9511 449219
772 464844
9405 480469
3212 496094
3524 511719
1993 527344
1089 542969
1783 558594
2478 574219
7081 589844
9287 605469
851 621094
5288 636719
3038 652344
7825 667969
209 683594
6694 699219
5850 714844
8834 730469
7667 746094
1828 761719
9939 777344
4182 792969
4815 808594
1837 824219
8153 839844
6729 855469
4236 871094
5222 886719
7729 902344
3219 917969
8332 933594
1725 949219
6663 964844
6222 980469
6832 996094
8785 3907
6878 19532
6798 35157
4506 537110
4496 50782
4129 66407
7043 82032
3135 97657
5651 113282
9506 128907
8534 144532
2963 160157
217 175782
6943 191407
6037 207032
7889 222657
3115 238282
3655 253907
4267 269532
7051 285157
8028 300782
1189 316407
7097 332032
8690 347657
1893 363282
1034 378907
3674 394532
3550 410157
6974 425782
8019 441407
6962 457032
5001 472657
4644 488282
493 503907
8415 519532
218 550782
6907 566407
1621 582032
7858 597657
2413 613282
4746 628907
3076 644532
5707 660157
2542 675782
365 691407
7703 707032
8752 722657
8226 738282
7637 753907
3084 769532
2337 785157
7371 980469
631 800782
7845 816407
5569 832032
3654 847657
1585 863282
1080 878907
9399 894532
1735 910157
8006 925782
3529 941407
1942 957032
5877 972657
6828 988282
5118 534180
6434 540039
5606 742188
9770 13672
1495 29297
8128 44922
7286 60547
746 76172
5632 91797
3470 107422
6069 123047
941 138672
2790 154297
199 169922
5872 185547
9365 201172
6891 216797
1000 232422
2404 248047
3585 263672
73 279297
2987 730469
7785 294922
8018 310547
1755 326172
2495 341797
7384 357422
312 373047
2215 388672
5162 404297
451 419922
2366 132813
9303 435547
96 451172
1869 466797
6034 482422
981 498047
7515 513672
3525 529297
6108 544922
8617 560547
8033 576172
8102 591797
3005 607422
3029 623047
7102 638672
8454 654297
1471 669922
8638 685547
5702 701172
2802 716797
6924 732422
3214 748047
6309 763672
4595 779297
8887 794922
8925 810547
320 826172
3652 841797
4260 857422
1180 873047
900 888672
7418 904297
8116 919922
2349 935547
6050 951172
7292 966797
1877 982422
1486 998047
4436 1954
915 5860
8456 9766
7201 17579
2344 21485
1172 419922
629 25391
7651 316407
5542 33204
7536 37110
7769 41016
1866 48829
3185 52735
3607 56641
8835 64454
934 68360
9851 72266
173 80079
6442 83985
5506 87891
2010 95704
6804 99610
5803 103516
7495 111329
6998 115235
7782 119141
6178 126954
6384 919922
7374 130860
6522 134766
7194 142579
6377 146485
2326 150391
5381 158204
5096 162110
2471 166016
6491 173829
9398 177735
5254 181641
1957 189454
624 193360
7701 197266
3300 205079
8640 208985
909 212891
8740 136719
4688 220704
582 224610
9450 228516
9057 236329
4806 240235
1328 244141
6993 251954
5337 255860
636 259766
3511 267579
2143 271485
411 275391
1721 283204
2092 287110
3339 291016
8926 298829
9482 302735
3686 306641
9512 314454
3282 318360
8318 322266
1860 330079
1381 333985
8972 337891
3066 345704
4248 349610
394 353516
6908 361329
6570 365235
866 369141
4397 376954
9733 380860
2002 384766
1261 392579
7586 396485
8884 400391
8213 408204
9581 412110
6806 416016
5622 423829
537 427735
2535 431641
1476 439454
5946 443360
869 447266
4206 455079
1258 458985
3733 462891
445 470704
3957 474610
5287 537109
804 478516
7917 486329
1430 490235
4094 494141
2642 501954
5156 505860
4269 76172
2911 509766
8489 517579
5258 521485
5869 525391
2986 548829
3357 552735
2651 556641
1204 564454
3096 568360
7932 572266
9147 580079
8217 583985
4159 562500
7738 587891
5912 595704
8331 599610
4594 603516
1171 611329
7894 615235
2657 619141
7950 626954
4462 630860
5466 634766
3854 642579
6701 646485
2379 650391
481 658204
6782 662110
3459 666016
2312 673829
9445 677735
6330 681641
3272 689454
901 693360
7013 697266
2069 705079
2852 580079
252 708985
7473 712891
2770 720704
151 724610
3519 728516
5219 736329
3543 740235
6137 744141
4234 751954
778 755860
8478 759766
1239 767579
8046 771485
7528 775391
6496 783204
6606 787110
6692 791016
5459 798829
