572
714
762
2486
2247
3173
3382
3579
3095
3727
2884
4540
4698
4915
5060
5307
5356
1447
5292
3652
5730
5851
2027
5869
1557
5886
6031
3136
3399
6196
6421
6834
5381
6017
5329
6494
5646
6856
6638
6899
6949
3520
5724
7067
1362
5464
1267
7178
2854
1744
7182
1049
1792
4562
1529
7290
3634
2857
7317
4540
3003
6406
7402
4817
7012
7921
681
2836
6594
5326
6125
6051
2349
5744
1390
7936
7946
376
566
5061
7950
4965
8044
6326
4039
1090
2233
6107
3272
3818
8272
8364
3600
7971
7427
40
930
5279
8374
1922
8570
4758
5587
8641
8724
4450
6572
8852
7092
822
5104
47
8889
5341
7584
4180
7890
7921
2599
3266
6096
2982
6146
7796
7298
7204
8443
5240
6538
5307
6996
8454
5958
4600
461
8891
7078
1486
1513
7210
6378
4382
7740
1678
3412
7316
5666
7098
5882
3017
6458
2995
5375
2790
15
1384
3729
2293
9045
1965
138
4832
6813
5962
5779
8652
679
7374
2858
2489
3756
7278
9070
3562
7598
2667
9144
1066
7254
9164
5254
6980
5943
2488
8998
6371
3744
8371
6344
9195
8786
3193
5362
7646
9206
9267
9289
4928
3474
2637
1816
1304
2865
1941
2708
8959
5283
5085
7194
4855
9397
1317
3544
9494
2597
9461
8949
3331
444
9531
3005
284
6319
3431
7995
3970
4727
7968
3666
2415
3071
8358
8442
963
6604
6288
9469
2520
9367
7072
1778
6960
4129
4223
9585
9606
6101
3475
2320
1177
9571
456
4099
7647
7577
3609
4562
1555
5538
5454
3952
1015
9527
9644
5896
4713
7685
5265
9568
2253
1047
7374
5905
1211
3230
3571
7617
9708
7572
3122
494
3272
8113
9426
2261
9732
6605
2558
5527
5192
6385
1635
5755
5906
4678
3455
8770
3423
5458
8790
6725
7128
2872
5810
4388
8370
578
9652
7319
9665
2696
3323
5719
9066
9810
4072
8759
2144
378
1210
9838
579
8390
9697
4089
2655
265
4861
9289
3962
1666
4844
9882
1182
4629
8969
1041
9078
9381
3019
5385
4121
5012
2097
5006
6292
9883
1038
7562
4598
6347
1834
1712
2811
9046
6190
5546
8723
8773
9228
8511
9884
9893
5676
5487
5124
9943
5176
9942
9818
6532
4288
6008
3496
9715
8808
4074
6152
2506
8288
377
1629
7240
1286
6186
5047
9954
8826
2517
8579
8678
9975
6882
6106
6347
3597
5280
6868
2089
9498
7949
5404
778
3111
8217
9641
343
9999
8904
919
6125
2536
1213
2912
8950
783
9775
9889
7978
4959
3602
9460
9950
917
5948
6533
9859
2543
1795
8059
2448
4197
6797
7255
6306
