452
1301
1442
2107
929
2898
3265
3510
3003
3756
3812
4131
3167
4302
4341
4845
4902
5001
2786
1169
5046
287
5172
5236
3181
5374
897
6078
6456
506
6495
905
3033
6496
7256
4860
1067
2676
7281
3144
6953
2864
5053
6304
7292
4583
6537
4873
7418
5340
712
6000
4142
6211
4575
1889
6046
7364
7177
1035
7583
6470
7773
1732
8010
4300
2488
7622
1258
8275
454
4504
3434
385
7079
8360
8398
8403
673
7745
8446
2062
3408
5789
7758
3334
2585
4426
8958
8988
8604
8600
5299
6756
3485
7477
4021
9101
2571
9142
7406
8530
8917
54
9145
8919
4077
9183
9227
8560
4778
2245
4899
9259
1564
8892
9301
7615
9301
3479
1142
6038
9332
9365
6245
6680
2776
1820
4724
5490
9494
3110
9499
3185
9511
5650
2858
1815
2288
5631
6027
7408
4914
9620
8110
299
8124
6391
4265
9637
9679
6760
5732
7221
608
8824
8619
9753
9476
2903
2138
8328
9757
5902
6360
762
7123
5376
9671
5342
86
9767
3136
429
5177
6249
3085
7725
6524
4061
3441
6397
9105
7788
3773
2439
522
9780
4837
962
4936
5486
5714
9433
4011
8549
4967
8321
2212
9427
5742
1778
9050
9411
6596
7125
9364
1496
9149
4687
469
1851
5786
3666
6643
8394
1464
3488
6543
2498
7239
4103
4239
9493
5058
4191
5720
7173
1135
8687
4
9800
4657
9020
9822
5838
2137
3574
9401
2940
2964
7948
3267
4630
3092
1418
4228
9612
8925
3188
8873
6622
1104
9587
2651
8902
9830
7187
4136
9838
8123
1191
882
7938
9706
2436
8913
2503
3282
4419
7646
5638
8292
1295
9748
1228
4317
6895
807
3198
1575
5171
8048
2826
2465
5591
6302
157
5414
6809
1040
4710
4679
9875
176
2241
825
816
6354
9332
3555
9450
2301
9131
9656
9903
9905
3462
2128
9154
92
8372
8316
2956
9614
4470
4446
9894
3833
1089
6107
9584
5719
4670
2122
778
9384
6234
9185
1344
9951
699
3416
2114
1967
669
6164
9608
695
1028
5635
8359
6035
1985
1719
1939
9438
8422
6386
3047
347
6788
468
5958
