98
366
472
848
1663
937
1681
1767
2002
3042
1578
3827
3888
4009
1844
1023
4588
1226
5254
3725
5262
4348
1868
5556
5994
1587
6105
3850
6824
3259
7315
3601
7346
605
544
7367
3538
5349
5834
3597
3456
7405
7615
1994
4605
357
7330
1769
5627
7628
575
6740
5674
3283
1212
6695
3798
7709
7856
857
7876
7881
6400
6428
7835
6293
8003
8150
5354
2231
8224
6839
1602
3766
431
6681
2445
6947
3849
2919
2983
4615
1536
3566
5016
905
3559
3174
4638
6801
8271
6465
6353
4115
7766
1208
2500
4644
3794
5497
856
3425
2984
6717
5476
8313
5506
7810
558
1952
8326
3612
8358
4030
420
519
5497
3839
8393
8247
7451
3477
3247
2943
5411
7294
2949
6985
8419
8438
7081
6951
4687
7939
318
1571
1443
8495
961
8533
238
5249
1869
844
1181
8671
282
1674
6713
1127
1619
4999
5141
5204
8141
6524
1858
5019
760
5459
4175
3623
5805
3566
6971
7259
7506
5774
3401
3447
1762
309
2344
5233
1149
5070
1813
2464
8722
7371
5560
4850
8734
7666
1702
8762
810
443
6909
8798
4526
7957
6924
7944
813
8226
4958
8384
7165
747
8876
623
8329
4791
3971
6242
1299
261
7603
7186
3093
4820
4774
6713
6352
348
8879
6502
9136
5541
4662
7033
6321
3122
3062
1380
439
6257
4299
6626
8924
5238
2563
3030
6825
1103
3389
8508
4467
2042
5620
5644
943
2321
4521
9260
8812
331
9402
3032
4155
8068
925
4792
7083
2811
5267
838
7114
9352
937
8775
1518
7298
6326
9388
133
9421
8028
4945
7262
1316
9503
1402
193
3197
6951
4704
9543
2808
7643
478
856
4620
8973
9317
9337
5625
2121
9569
6978
4872
9030
3348
1420
5392
3871
3260
7072
3938
9599
4948
3497
629
1684
9577
9327
4805
6546
4402
1474
1026
3407
3427
5304
3308
1474
9077
5960
755
3950
7716
5459
2687
9632
7043
7737
3532
1061
7678
3992
8383
2822
7621
2339
3240
6436
6146
1411
7154
9534
113
9491
5799
4743
6297
7108
6948
2019
8354
6795
9713
2572
9772
8948
9773
1142
8901
5262
2970
8855
2650
9291
2283
6469
4818
4055
6533
6468
6880
5598
5568
4936
4707
4544
237
4967
2495
227
1419
4740
9357
8451
5154
6928
5028
4248
8376
9795
3430
9801
1777
5523
3601
9558
2757
5482
8207
140
2168
2530
7629
7365
4047
791
9095
5989
5594
4710
9806
7196
8981
9606
7436
7468
1365
8575
3785
7548
5318
8969
7891
2965
289
939
4752
8298
5166
3931
8085
474
1398
3591
1752
8188
4814
368
2543
1853
73
8890
678
8060
7758
1620
9334
6664
4702
9256
9768
1516
5705
4484
3559
5187
8887
344
9833
8828
6329
1142
6690
453
5011
3405
9048
1660
2740
7477
3496
857
5213
4540
1564
7960
3050
7780
5314
2042
9376
7898
8070
6571
999
5623
3593
9881
9472
9
9742
9242
2447
6101
5334
1676
4183
2305
9165
1117
4872
7848
4070
4971
6110
7612
4240
9580
8644
7813
8498
725
5780
9000
9883
4133
8114
7109
4031
1534
415
4546
9295
3897
2463
5507
9943
4577
5546
169
9363
2194
5417
4023
1784
246
8413
4705
2978
5570
8922
4473
5645
6314
59
5058
8665
1002
6455
9966
8600
2965
6514
1
