397
878
1642
1893
2506
2550
1742
2914
4574
2524
19
1003
4628
4083
4767
5012
1057
5652
5801
4515
5453
6407
6630
2102
1587
317
6663
4184
3706
6696
2605
1069
6989
4981
173
6387
7020
4599
4125
4684
3661
7018
7269
588
5595
4428
7385
1139
25
369
4688
1364
3755
3550
7401
5395
7461
7310
5515
6875
7464
7536
7556
1075
7600
7670
5061
5020
2796
4205
2327
3496
193
5646
2016
7705
18
1586
4909
7708
7957
5356
8124
2569
6717
7473
8150
829
8195
4673
5244
8208
2692
8280
2362
6265
6240
7038
8349
3635
1167
8578
2330
8585
6469
4029
4750
1785
8314
7720
7101
1949
1276
3837
5319
4396
7308
7337
6995
4719
6694
5199
80
3297
5577
3753
375
7509
1600
7553
8662
2950
8161
8670
2643
6676
8719
1483
2883
1054
8760
8669
4232
7151
280
132
2280
3088
3436
3575
1603
143
8274
8539
835
2656
473
8827
1270
4296
5528
7958
799
1165
2518
8241
1775
3682
3464
7121
8836
8837
8415
2536
2696
6592
8845
2014
8776
8354
250
2033
3698
7753
6282
4171
8860
7802
3331
5741
8201
7898
4636
7576
8907
1750
8594
5038
9046
3978
4589
2911
7060
9075
2740
5601
1848
8661
3101
8022
5505
5277
617
651
4477
8266
9165
2906
9083
9212
222
9355
4291
8226
1227
9359
2247
9384
5432
8027
959
2025
192
1931
9502
4379
3532
1262
1732
4274
6508
6313
4690
1991
5538
3489
7976
851
6893
1747
2687
19
3569
6238
885
5235
6648
1730
8181
9035
4599
2539
6205
5071
4180
9502
7257
2366
9529
8789
7482
9567
8873
9594
7659
7171
4019
9697
6300
7933
774
5288
9706
8419
5616
7806
9180
9344
8943
9705
2609
5318
4528
4994
9572
9067
1741
6838
3371
4005
5635
6587
9556
5218
1523
3269
9736
8181
8415
2824
5368
6515
9759
1065
1149
1357
7352
7533
9734
1268
824
8229
5501
7927
1359
9068
9049
8544
9763
1013
5958
6826
244
5347
8975
5991
3127
9447
7219
7818
6328
2810
845
3756
1888
5234
2615
6156
9005
569
2643
852
5341
9097
9853
2634
2528
8960
9479
587
5003
1361
5002
1914
3316
7928
8719
9864
217
3513
1500
9065
2634
7450
7763
3882
7754
8510
7086
8933
4717
8418
9627
9299
3185
8688
9900
1510
4993
2444
5713
6117
9355
5930
4827
7962
3724
729
9123
432
8495
1327
6009
7842
88
7316
5812
7522
6032
962
4730
9634
2275
9922
2761
3005
7022
9144
2064
9852
6301
2099
6149
1926
8627
228
4480
7457
862
4477
4540
7412
5908
6889
9960
9974
2786
1294
4117
617
5299
8391
9727
8895
2161
8859
3835
1465
4544
4646
501
9976
8101
3235
2154
