795
1727
2893
225
3140
3189
3276
3421
4374
4412
2414
159
4730
2475
686
385
4472
1054
4738
5083
1561
5132
5561
2460
3618
5495
5672
571
6035
5513
6442
6526
3706
1754
4073
2454
6222
3134
6592
2193
5675
3491
5630
6684
5745
654
6781
5844
2937
6981
1907
1894
1440
7108
7278
7194
1103
4391
6892
7447
6201
7463
5177
7548
707
3026
6815
6976
7281
3442
1859
1764
5919
6369
7658
4061
1008
7740
8073
2865
4102
7416
2850
7796
8210
8252
2725
4084
2690
6886
5118
4639
5136
1393
867
391
8263
495
6531
7652
6663
7029
6094
2025
6153
8292
167
4138
8363
5295
642
6751
126
6377
3165
1059
4484
554
7343
8404
8611
8405
6273
8640
4686
7079
3276
8700
8706
8478
3855
8726
8793
8585
4932
2237
6918
4678
7814
3452
6463
8592
3330
6503
7484
3122
8517
3721
6163
226
2499
7722
6534
134
6975
1617
7942
3548
8384
1615
2424
1271
8296
1464
8942
2215
6213
1583
6424
8957
8361
407
1441
8730
1218
1833
632
6781
2108
1793
6370
3014
3786
6839
1191
3766
9100
9100
3247
2480
1584
5965
4674
659
6760
3050
2121
7983
3512
8845
9145
9176
1906
4503
2233
3687
6237
4573
5266
5428
3654
9184
3349
8340
7494
9197
1541
2349
3181
9127
9228
1894
3792
8640
6835
8887
5543
7144
2780
5001
6003
4016
1128
4282
9268
3206
1170
6344
8221
5393
951
2311
9340
5106
8221
8687
2479
7300
7083
616
6953
1201
9394
8740
754
8382
447
8133
8757
1621
5379
6628
9490
4110
6817
7117
4173
5096
3017
1838
3331
996
9138
9531
7939
160
7108
5469
5473
3317
255
9535
5669
7276
2654
1467
4057
1377
5878
9411
3331
1541
9565
5944
6363
3980
2784
4773
1531
9308
9597
7415
9065
3265
6925
5132
556
3970
7415
8308
9570
1697
4128
847
6364
9209
8750
5427
9610
7570
3543
8232
351
9413
9680
9478
5438
5083
8449
5549
4922
4025
1866
4046
8968
9346
2363
7212
6389
8139
7412
5138
9700
3233
2984
2719
3808
9705
239
431
6853
325
7849
937
1873
3836
9787
6058
8006
6693
6823
3502
3696
9791
9794
3514
398
9139
4222
5789
8564
8164
8754
9824
7201
8458
1160
8125
5181
6472
9904
5124
8921
6633
703
1061
5362
753
903
9521
6371
9021
5085
3265
2275
1046
3089
3562
7193
9557
1028
5462
6555
1412
9320
6204
8541
6945
3800
3877
237
952
2489
2606
4210
9904
5432
7536
5372
5289
5681
4421
9470
9638
1083
7865
8246
3789
8808
1955
3577
6856
214
7296
4906
6715
6143
5333
7049
9685
4323
1743
3943
514
7820
3380
9355
7538
9910
4147
947
6613
6009
8285
4175
3392
8727
5800
3604
329
973
9939
8815
8182
3916
5318
5150
444
5884
6030
767
6229
8110
2258
7733
8322
6005
6129
7775
2923
