Dantae
Orson
Adaline
Maksym
Teancum
Corvus
Kaedin
Juana
Karcyn
Alizza
Khori
Keane
Yannah
Jader
Aliviyah
Hailynn
Izaak
Malya
Maricela
Curren
Macario
Avrum
Cerinity
Dre
Nameer
Nariya
Zaul
Concepcion
Emaline
Carina
Gennaro
Neima
Alyda
Nuha
Zuleyma
Jnae
Navie
Gibril
Zo
Kolyn
Byran
Xyleena
Nasr
Jolynn
Stellan
Javar
Selene
Rylin
Blanca
Ezar
Semaya
Asma
Jaionna
Jhalani
Mikael
Aristotle
Dhrithi
Isara
Leiloni
Malauni
Myanna
Zoravar
Amrom
Avaline
Domenic
Janae
Nanea
Zandaya
Hadalyn
Jermain
Alaysia
Benjamyn
Brennex
Enrrique
Kalin
Locryn
Nayah
Prosperity
Azael
Carmani
Chrystopher
Lehani
Mirielle
Sahana
Sawyer
Srinika
Tanay
Timia
Yahya
Calloway
Drew
Drystan
Electra
Kolesyn
Shaylene
Yani
Asim
Buck
Cavani
Gamal
Josniel
Madrid
Zayna
Ames
Anton
Leilamarie
Treyvon
Xamora
Ahmere
Amine
Ares
Daysi
Jamella
Kabir
Kailie
Karlin
Kerrigan
Kyana
Mariem
Matas
Mavric
Messiyah
Mox
Persia
Vrinda
Wendi
Amirrah
Amyna
Arohi
Bach
Barakah
Caleigh
Daiwik
Domenico
Elana
Evian
Frankie
Katelyn
Kedar
Khyzir
Kimari
Kjerstin
Lariya
Laryiah
Liana
Mikaelah
Naz
Ozil
Pascual
Ridley
Seidy
Zavannah
Ashot
Averleigh
Azeneth
Breonna
Dallin
Daxtyn
Eleuterio
Farhat
Gila
Haukea
Jarod
Jayleah
Kamellia
Kimble
Kobin
Magali
Mays
Novamae
Oziel
Ronnie
Virtue
Whitlee
Wilder
Yousuf
Caedyn
Elzie
Jacelynn
Jaleal
Jodi
Kaleth
Khyzer
Maziah
Nasser
Placido
Roshan
Samriddhi
Tayanna
Vander
Yanciel
Zyra
Cadence
Declan
Eilon
Josabet
Miarose
Naama
Rebecca
Bo
