Dantae
Orson
Adaline
Maksym
Teancum
Corvus
Kaedin
Juana
Karcyn
Khori
Alizza
Malya
Jader
Maricela
Keane
Yannah
Aliviyah
Neima
Dre
Izaak
Emaline
Hailynn
Curren
Avrum
Cerinity
Zaul
Macario
Alyda
Nameer
Nariya
Carina
Gibril
Avaline
Kalin
Selene
Navie
Myanna
Concepcion
Jannely
Gennaro
Jolynn
Zo
Nuha
Byran
Semaya
Jnae
Nasr
Stellan
Javar
Madrid
Blanca
Asma
Kjerstin
Drystan
Janae
Kolyn
Nanea
Zuleyma
Chrystopher
Domenic
Electra
Kolesyn
Elzie
Jenaya
Anton
Ezar
Xyleena
Benjamyn
Jaionna
Dhrithi
Lehani
Malauni
Sahana
Sawyer
Falynn
Kobin
Cavani
Rylin
Jiayi
Jace
Jhalani
Mikael
Nayah
Evian
Isara
Khyzir
Leiloni
Mae
Passion
Srinika
Amrom
Averleigh
Dallin
Whitlee
Wilder
Emry
Gamal
Josniel
Yanciel
Markel
Ciro
Brennex
Enrrique
Mox
Prosperity
Amirrah
Amyna
Aristotle
Azael
Carmani
Katelyn
Mikaelah
Mirielle
Ridley
Tanay
Vinicius
Yahya
Zoravar
Alette
Ashot
Bay
Daxtyn
Drew
Knightly
Magali
Shaylene
Virtue
Asim
Buck
Caedyn
Deniel
Pax
Shanmukh
Vander
Carlyn
Dilon
Emireth
Miarose
Naama
Westyn
Zandaya
Flint
Hadalyn
Jermain
Treyvon
Adeola
Ahmere
Alaysia
Amine
Dyllon
Kailie
Kerrigan
Kyana
Locryn
Mariem
Mavric
Vrinda
Barakah
Caleigh
Francisca
Maddisen
Pippin
Seidy
Timia
Calloway
Elizah
Farhat
Haukea
Jarod
Kalaiah
Kimble
Novamae
Roselena
Sarinah
Yani
Ayhem
Cyra
Heiress
Jacelynn
Kavari
Manreet
Maziah
Nasser
Placido
Ryze
Zyra
Zyus
Avaiah
Cadence
Elizandro
Kaesyn
Saachi
Shagun
Zayna
Brithany
Marsean
Tobechukwu
Kaian


Emeryn
Grayton
Ames
Caster
Daisie
Leilamarie
Lunetta
Orvin
Xamora
Aceston
Ares
Audie
Corinthian
Cotton
Daysi
Jamella
Jaylianna
Kabir
Kailynn
Karlin
Lannah
Matas
Messiyah
Noelle
Paisley
Persia
Quenton
Saahil
Shareef
Success
Wendi
Zofie
Aaryn
Aerilyn
Aleiyah
Arohi
Assiah
Bach
Baruch
Berklie
Brecklynn
Calli
Christyn
Daiwik
Domenico
Elana
Eleanor
Frankie
Harleigh
Henrik
Jacobi
Kedar
Kenzlie
Kimari
Kinzlee
Lariya
Laryiah
Layton
Liana
Lucretia
Maisen
Malaysiah
Marz
Merida
Naz
Ozil
Pascual
Shayne
Zavannah
Aana
Avannah
Azeneth
Azyah
Breonna
Can
Chynna
Davayah
Devin
Eleuterio
Elinor
Emmanuella
Enola
Gila
Grizzly
Hanief
Hawken
Haydar
Herlinda
Huxley
Jayleah
Jazion
Jokubas
Justyna
Kamden
Kamellia
Katana
Kayvan
Keion
Kingsley
Laveah
Lazarus
Lehlani
Lorin
Macgregor
Magnus
Malarie
Mays
Oliviyah
Oziel
Rayden
Ronnie
Ruari
Shyra
Trygve
Yennifer
Yousuf
Zahvia
Zaylyn
Abrar
Aoun
Atzi
Babygirl
Boston
Bowie
Caulder
Chana
Coreyon
Dominyk
Eliani
Eliot
Hadar
Harliee
Izabela
Jahlia
Jaleal
Jasani
Jasire
Jeralyn
Jodi
Kaleiya
Kaleth
Karalyne
Khyzer
Kymbella
Laree
Linna
Madeleine
Oryen
Paislynn
Reniyah
Roshan
Russel
Samriddhi
Shelby
Tayanna
Yanuel
Zerek
Aashi
Anastyn
Bibiana
Caycen
Charlize
Ciella
Danthony
Declan
Destyn
Eilon
Izeyah
Jasim
Josabet
Juliann
Kallen
Kamya
Koen
Kynnsley
Mayuri
Nazariy
Rebecca
Ryle
Shloma
Wilson
Zakery
Addilyn
Bo
Brodyn
Chelsea
Daxston
Evalee
Kollyn
Mckaylee
Nesta
Ostin
Pollyanna
Rishan
Tylynn
Danely
Fay
Luz
Zymeer
Jovanni
