Mirielle
Hunt
Calissa
Daysean
Jannely
Makala
Miracle
Domenica
Christyn
Kaedin
Cavani
Zandaya
Mckenzee
Kylann
Rahma
Deckard
Danell
Seattle
Jamyiah
Kana
Ikshan
Lynex
Rhone
Kaleyah
Kaydien
Caycen
Kuiper
Nariya
Gibril
Dayan
Haidyn
Hanz
Jolynn
Riddhi
Kourtney
Kymbella
Merlyn
Brodyn
Saeed
Zoravar
Svojas
Ameen
Antares
Maezlyn
Drystan
Kailie
Tully
Ahriella
Nasser
Dagim
Jelena
Betsaida
Magnus
Nayah
Ezar
Gertrude
Rene
Storey
Bina
Baruch
Jerel
Calli
Elzie
Jeralyn
Jayten
Ozil
Kodah
Enola
Jenifer
Jadence
Placido
Yzabelle
Isaih
Kynsie
Pax
Benzino
Derya
Ihsan
Westyn
Maadhav
Shabazz
Blanca
Everett
Luis
Madrid
Thayne
Kolt
Mohammedali
Chelsea
Farid
Grayton
Inaki
Saidah
Xyleena
Maris
Lannah
Jashlyn
Juliann
Kailah
Stephania
Alyda
Jovon
Pollyanna
Qasim
Danna
Elana
Kamilia
Paislynn
Ryle
Sharif
Vinicius
Aoun
Beric
Cyra
Falynn
Hailee
Kylor
Malya
Vin
Ayhem
Mircale
Mox
Sevin
Sybella
Tobechukwu
Yangel
Audie
Everly
Hamed
Kenzlie
Ryze
Mays
Azeneth
Alisanne
Annaelle
Elizah
Junaid
Khase
Kullen
Kyren
Nomar
Pippin
Aryarose
Aveera
Devin
Jermiah
Katana
Kolesyn
Marija
Renezmae
Saxon
Tayton
Tovah
Abrar
Daisie
Deshaun
Dhrithi
Ezekiel
Javy
Karalyne
Manal
Nalia
Pascual
Ritchie
Virtue
Yani
Zoe
Adithi
Arshith
Benjamyn
Hanief
Jamaurion
Jasani
Karlin
Kyrae
Mesiah
Naviel
Nirvik
Noelle
Nuha
Zayed
Alette
Amisha
Averleigh
Bryli
Buck
Charlize
Coreyon
Cotton
Isma
Jaylianna
Kaiden
Kamlyn
Orion
Therese
Zofie
Assiah
Nazariy
Zakhari
Siloam

Ruari
Kamden
Khalise
Anais
Aristotle
Belina
Cambrielle
Corinthian
Flannery
Koray
Librado
Rayden
Saarth
Taytum
Aiyden
Ames
Amrom
Analyssa
Asim
Augustin
Avish
Braelin
Can
Daysi
Ejaz
Genisis
Heaven
Jnae
Kamrii
Latasha
Lonzo
Madeleine
Merida
Novamae
Oluwatise
Orson
Piercen
Radwan
Saachi
Savera
Sem
Simi
Sumaira
Terralynn
Yanuel
Zaylyn
Adelene
Aerilyn
Ahmere
Bach
Barakah
Caleigh
Emry
Eric
Farhat
Finesse
Ivyana
Jahfari
Jaleal
Kaleth
Kareny
Katriona
Kinzlee
Kolyn
Mckenize
Mykia
Nakhi
Novalie
Olujimi
Paisley
Patryk
Princetyn
Reyah
Roniel
Sahana
Selene
Sylvanas
Yasira
Zariah
Adri
Andy
Anh
Anika
Aretzi
Armelo
Arohi
Avaiah
Ayhan
Azyah
Davayah
Evalyne
Fowler
Hawken
Herlinda
Izaak
Jahsiah
Jaivon
Janae
Janiya
Jasire
Jatavious
Javar
Justyna
Kaelen
Kemorah
Kyana
Kynzleigh
Lady
Lathan
Leul
Martez
Mikaelah
Nabella
Nameer
Nason
Rebecca
Rileyann
Rylin
Samiksha
Sawyer
Skarlet
Srinika
Tauriel
Tenley
Torrell
Whitlee
Yanciel
Ahraya
Anton
Atzi
Brayan
Calloway
Camoni
Cristobal
Dantae
Drew
Hailynn
Imara
Jacobi
Jaionna
Jalon
Jaren
Jaylenn
Josabet
Karis
Kashten
Kayvan
Kenjal
Kyzer
Lainie
Libbi
Maikel
Marsean
Maziah
Mohsin
Neelah
Reagan
Rion
Shaylene
Shelby
Talyah
Tonia
Wolf
Aamir
Agastya
Akori
Amirrah
Aricela
Azaila
Bowie
Divisha
Dresden
Eland
Hirving
Humaid
Ilya
Izeyah
Jacquline
Kingsley
Lucretia
Martino
Marz
Miyah
Mykel
Nesta
Rayli
Rishan
Shloma
Suhana
Treyvon
Wendi
Zymeer
Abem
Annalize
Gibson
Haukea
Heiress
Jayde
Kaceton
