Ryle
Kaii
Ishaq
Kato
Krayton
Cortland
Delray
Maisen
Churchill
Juandedios
Leeum
Samriddhi
Ozil
Thayne
Kourtney
Lachlan
Manal
Dresden
Benjamyn
Kueen
Elius
Aaria
Izabela
Kingsley
Braelynn
Mykel
Ashot
Cristobal
Dearri
Elana
Sawyer
Drystan
Yasuri
Ahriella
Jahlia
Oziel
Shelton
Katelyn
Nason
Sway
Beric
Dagim
Jelena
Hilde
Iyana
Sahibjot
Haukea
Mariem
Horace
Evalyne
Calloway
Isidoro
Jayten
Kyrae
Ryelle
Chelsea
Ameen
Thiago
Tauriel
Elitza
Timothee
Ayhem
Kamellia
Javar
Briar
Anastyn
Jabrayah
Jacelynn
Nazariy
Keion
Dhrithi
Brennex
Brentley
Imara
Jaquan
Josniel
Zayed
Ronnie
Siloam
Jazion
Mohsin
Worthy
Aubrionna
Nicholaus
Audie
Paislynn
Finesse
Haset
Kynnsley
Rees
Reyanna
Sariyah
Khysen
Torrell
Jovon
Aiyden
Alazia
Bo
Kayvan
Zaylyn
Chrystopher
Dilon
Malarie
Khyzir
Makari
Marija
Ainoa
Anthea
Bryn
Clayson
Kailah
Kaleth
Kush
Kyzer
Lehani
Avaline
Bryli
Danthony
Jamaurion
Lynleigh
Naiya
Noelle
Benaiah
Eleuterio
Grayton
Kalin
Ohanna
Oluwatise
Bay
Bowie
Emeryn
Macgregor
Roniel
Ehren
Hirving
Joules
Kenzli
Gorgeous
Prentice
Deckard
Hadalyn
Issa
Derionna
Frankie
Kerrigan
Pippin
Roqaya
Adeeva
Amyna
Benham
Chana
Corvus
Daysean
Hailee
Keilyn
Nanea
Novia
Rakai
Ruqaiyah
Sumaira
Tobechukwu
Zoravar
Ayhan
Brithany
Carina
Elizandro
Hawken
Isma
Jalon
Jenaya
Kallel
Kjerstin
Lariya
Mox
Nirvik
Zerek
Zuleyma
Carmani
Finnlee
Javy
Markel
Mikaelah
Solaris
Teancum
Bibiana
Christyn
Deniyah
Flannery
Jerel
Jessy
Jodi
Khori
Lucretia
Waniya
Danell
Daxston
Jentry
Kedar
Kollyn
Mackynzie
Yahya
Kaiden
Marjae
Camdon
Madelina

Amine
Cyra
Analyssa
Bradford
Eldon
Finnleigh
Harsha
Ilya
Izumi
Jamyiah
Jannely
Shagun
Tenley
Abigail
Ailanny
Ameliah
Averleigh
Avila
Brecklynn
Danna
Devin
Electra
Elvis
Emily
Esa
Hailynn
Jermain
Jibran
Kabir
Kamya
Kasi
Kavari
Kolyn
Marz
Maylin
Mays
Mclane
Myanna
Naidelyn
Pietra
Scarlettrose
Tyliyah
Yanciel
Aceson
Aceston
Agastya
Amram
Analise
Annaelle
Anton
Aowyn
Aristotle
Aulora
Avalea
Aveera
Azael
Buck
Calixto
Daiwik
Enrrique
Genisis
Gibson
Grizzly
Hamed
Haydar
Ibtihaj
Ikshan
Jamaine
Jamella
Janae
Jasani
Jayleah
Jaylenn
Jiayi
Keair
Kobin
Koen
Lainie
Leala
Maadhav
Malaysiah
Martez
Michonne
Miracle
Molli
Naviel
Paisley
Rayden
Renezmae
Sharlene
Sieanna
Virtue
Yoali
Aamani
Aeneas
Aliviyah
Analaura
Avaiah
Destyn
Hadar
Ivani
Jaiyanna
Jaylianna
Khalique
Kolesyn
Kuiper
Kymbella
Madeleine
Mae
Maris
Mirielle
Nayah
Nayani
Oryen
Roselena
Terrance
Tovah
Vanesa
Viliami
Whitlee
Yousuf
Abem
Ahmere
Arianys
Augustin
Aylie
Carlene
Caydan
Domenic
Draylen
Ezekiel
Haidyn
Inaki
Judi
Julyssa
Kaian
Kodah
Linna
Nakhi
Navie
Saanya
Sang
Shyra
Yani
Yasira
Zariah
Aalia
Aana
Ames
Arohi
Dakarai
Heaven
Ifra
Ivyana
Jader
Jeralyn
Lunetta
Marcelline
Mayar
Rayli
Rhone
Savera
Trygve
Zymeer
Dayan
Dominyk
Falynn
Hassen
Khyasia
Madisynn
Mykia
Nariya
Rene
Ritchie
Saachi
Therese
Vrinda
Ameliarae
Arri
Astro
Francisca
Isara
Martino
Orson
Sevin
Tayanna
Xyleena
Betsaida
Carlyn
Henrik
Huxley
Maricela
Shareef
Tzion
