Saarth
Nirvik
Whitlee
Neftali
Ihsan
Saachi
Shanvika
Saige
Eleuterio
Kamilia
Kjerstin
Jodi
Aceston
Asma
Jahfari
Semaya
Zoravar
Bowie
Dagim
Carmani
Saahil
Layton
Ruari
Dhrithi
Lucretia
Merlyn
Kana
Marcelline
Haukea
Naama
Isidoro
Pax
Jaylianna
Olujimi
Harliee
Kaydien
Casen
Miqueen
Ahraya
Jamiria
Caedyn
Ekaterina
Shelton
Leiloni
Jazion
Evaleen
Josabet
Kato
Khyzer
Adeola
Enola
Saxon
Vin
Yannah
Betsaida
Abem
Aulora
Placido
Aristotle
Chrystopher
Libbi
Stephania
Teancum
Benaiah
Rishan
Oziel
Rakai
Berklie
Karcyn
Daxtyn
Zyra
Khysen
Hirving
Mali
Shayne
Lunetta
Phil
Raygan
Selene
Janae
Liana
Blanca
Dyllon
Kalylah
Mclane
Makala
Aiyanna
Adri
Kaian
Camdon
Marcellino
Zavannah
Danthony
Declan
Ephraim
Renezmae
Sumaira
Wilder
Adaley
Bryli
Ozil
Yonathan
Zayna
Jayden
Vijay
Terrance
Kaiden
Magali
Aailyah
Eilon
Susu
Kymbella
Brodyn
Marz
Siloam
Stellan
Zo
Farhat
Hanief
Akul
Nicholaus
Jersi
Haydar
Malauni
Aamani
Eilani
Kaleyah
Katelyn
Kingsley
Roqaya
Sevin
Tanay
Zehlani
Alekai
Bradford
Chynna
Elizamarie
Emmalisa
Garren
Izyaan
Kueen
Magdalynn
Roselena
Caycen
Dresden
Lumen
Martino
Tayton
Aalijah
Aubrionna
Jnae
Macey
Nalah
Thiago
Tylynn
Juandedios
Reyah
Zariah
Brooke
Miyah
Treyvon
Zaul
Jaylenn
Jahlia
Kenjal
Raimey
Roniel
Aerilyn
Assiah
Cerinity
Hadalyn
Kabir
Luz
Mavric
Mayar
Mohammedali
Rene
Wendi
Zandaya
Aaryn
Aleksei
Carolena
Charlize
Daxston
Griselda
Gwynevere
Harleigh
Harsha
Karlyle
Kaycion
Lehlani
Omolara
Rayden
Rubyrose
Sylvanas
Thayne
Xander
Carlyn
Chesleigh
Cristobal
Darleny
Gertrude
Jamaine
Javy
Kaleiya
Kimari
Librado
Mox
Noelle
Piercen
Renzo
Sariyah
Vrinda
Adonias
Anh
Avalea
Bay
Boston
Carina
Dakarai
Ehren
Elinor
Emaline
Lake
Aaria
Ashot
Derionna
Gila
Jaren
Kimble
Pietra
Renton
Topher
Veralee
Heiress
Kazuki
Kolesyn
Slone
Zyus
Anais
Frankie
Jolynn
Flannery
Ohanna


Ameliah
Ikshan
Agastya
Bellamae
Dalyla
Evalee
Izora
Jovanni
Kirtan
Ronnie
Anastyn
Asar
Coreyon
Cyra
Daisie
Dearius
Drequan
Hadar
Ivery
Izabela
Jader
Jayleah
Kinzlee
Kynsie
Laryiah
Lisbeth
Marija
Mircale
Novamae
Novia
Rahma
Rebecca
Sharlene
Vinicius
Xyleena
Yanciel
Abiola
Aisling
Alaysia
Aleyda
Amirrah
Amrom
Andrue
Ares
Briar
Caleigh
Calixto
Caydan
Churchill
Cordarius
Deniyah
Everet
Ezekiel
Ezinne
Humaid
Jayde
Jenifer
Kaedin
Kaelen
Kalaiah
Keilyn
Khalise
Koen
Kolyn
Krithvik
Kynzleigh
Maadhav
Madeleine
Merida
Mesiah
Myzel
Oliviyah
Qasim
Tarah
Tonia
Yousuf
Zailyn
Zakery
Zaylyn
Zymeer
Aana
Abran
Amarah
Athen
Barakah
Cyana
Dakarri
Dallin
Danell
Danely
Domenica
Drystan
Emmanuella
Eric
Gibson
Hamed
Hendel
Imara
Inaki
Ivyana
Jalon
Jamesyn
Jamiyah
Jasire
Josniel
Juana
Khori
Khyasia
Kylor
Laree
Lavender
Leala
Leul
Maris
Messiyah
Miriana
Naz
Novalie
Paislynn
Pippin
Reyanna
Shelby
Siddarth
Timothee
Trygve
Vanesa
Wolf
Worthy
Zoe
Ajooni
Akori
Amisha
Armelo
Avila
Bach
Brayan
Breonna
Casie
Clayson
Daysean
Dearri
Evalyne
Finnlee
Finnleigh
Grizzly
Ibtihaj
Isara
Jacobi
Jaiyanna
Jhalani
Junaid
Kaleth
Kerrigan
Kimbella
Kobin
Kollyn
Lathan
Lea
Linna
Oluwatise
Princetyn
Radwan
Rees
Reniya
Rion
Rylin
Sahana
Scarlettrose
Seidy
Tully
Ulices
Yani
Zadiel
Zaryah
Ameen
Anthea
Anton
Arek
Audie
Avaiah
Beric
Calli
Deckard
Divisha
Emily
Emry
Finesse
Haset
Hawken
Jahsiah
Jentry
Juliann
Kailynn
Kamrii
Kazuma
Lavina
Leilamarie
Lynleigh
Mariem
Myanna
Nomar
Orson
Paisley
Renesme
Samiksha
Seattle
Addylynn
Arilyn
Avannah
Braelynn
Brecklynn
Ellana
Everett
Fahed
Falynn
Horace
Iyana
Jadence
Katriona
Kourtney
Manal
Mays
Neelah
Oryen
Reagan
Talyah
Tyliyah
Xamora
Zerek
Aveera
Can
Cavani
Dearra
Deniel
Elvis
Jaionna
Judi
Kairie
Kenlyn
Kenzli
Kylann
Sarinah
Zurina
Andy
Daiwik
Haja
Hawke
Reniyah
Success
Sahibjot
Samriddhi
Hutchinson
Jashlyn
Khalil
