700869
83319
59050
486423
593923
865819
548177
698456
106965
169372
407423
517664
589254
351304
224594
542426
588610
374061
685026
107382
532894
724676
990463
249311
106323
726748
437488
377578
136506
673350
234769
461150
678411
308032
260141
3158
9305
479904
686638
721389
123587
19591
627425
225576
207332
706454
825846
152198
782071
758375
330664
868485
33547
82027
719435
563710
984316
570068
457275
457442
910309
60568
274537
878207
498649
98070
529529
883508
462485
218271
195918
223116
750639
881483
83050
24085
80919
358080
31164
761391
553354
654759
314707
978468
567806
898099
782469
862332
771699
768772
699017
725120
348452
584853
581951
910707
566909
877509
789381
700595
133373
367648
603170
909668
813772
471900
893646
848468
744441
245783
566558
253331
361597
440648
332133
46960
365631
540901
790352
668683
871199
575765
336739
501258
278966
557560
524988
505075
517677
426850
885415
524665
157379
781665
70677
834064
903151
550839
748472
905684
111920
449358
578200
997280
454571
241438
924671
257081
768937
737354
623632
352963
260147
726504
721643
127968
626622
399061
953396
973776
718272
644298
222672
933560
585304
110973
375788
325925
968816
406406
888441
531618
921792
68616
470111
377440
177105
814466
178439
846821
905673
980801
922741
239126
849647
248445
418886
596634
857710
329943
508911
68111
133697
377088
599898
515307
122697
193925
8791
338678
513422
455160
100866
739853
339327
912191
946607
479287
170454
521012
606473
278243
557385
657797
360394
375330
261334
96352
935879
591559
734241
659700
491478
222380
922900
480053
429597
194680
273833
965301
692366
894705
103589
334792
861028
295575
917378
152415
313064
928827
105605
537939
49739
927973
143680
255992
1029
526367
683599
780702
785075
842283
595731
246850
142187
8855
175499
879672
917230
946201
322834
925458
479143
282716
558100
51839
423155
709834
56249
695506
699049
569072
755740
33198
914261
33781
945543
257603
462703
899116
173067
512691
152966
367017
964784
636484
276652
699510
332567
159629
191827
677163
82063
134666
255084
719343
170539
386558
938265
470768
929567
980456
191568
924519
567167
196431
373789
517034
31862
915925
564180
555633
570263
512001
919020
179133
862799
472333
742248
689529
580703
507652
752746
533281
743965
482397
76735
281499
723923
655640
637658
747627
731867
597274
528310
75167
972177
641638
151353
256908
929960
872682
791731
402017
826910
449006
936351
117527
887450
519483
588820
247223
648877
63119
289747
127944
746351
579496
797364
194178
734664
95802
770810
180502
478330
434467
954939
721109
622096
893280
547535
105954
511472
414603
162039
371479
471108
576706
377681
197896
646790
390294
776632
428455
867534
316499
865169
211946
616590
323093
551926
642876
467389
791776
743395
263486
578934
360968
627511
281381
635016
562421
384621
472921
398780
74917
535935
680374
18273
60562
771651
417668
158341
149392
374626
986966
158610
306757
621329
529021
976439
502384
194972
177948
152448
755933
770124
508769
881297
812974
53734
296984
193433
625348
767828
172596
984435
419234
589232
945052
67126
638163
940789
348268
508580
47845
64911
926927
803879
528836
834288
4504
947019
956771
712938
926132
17333
794849
326968
583965
113146
930823
407287
379975
122152
799037
938284
271624
639034
769920
961274
108815
17698
101024
65375
242237
596207
524927
951973
81321
908635
65459
146826
777231
402532
194141
866762
159316
478972
48392
608439
338516
597141
331796
39690
112529
361959
256667
909364
902574
643513
46124
543195
623250
469253
773880
146528
798531
959048
217241
982650
691488
154416
645530
138024
731757
588866
801538
4724
464475
707656
238938
32330
488741
145750
906695
872614
808000
2235
177042
249006
304031
99973
602846
445100
304421
418971
391963
798063
46409
65663
88297
898799
673660
749850
263750
123461
544309
263955
138401
3327
7821
464778
245118
431855
768624
964071
106745
435083
959989
935670
883006
622218
713298
682857
725585
986568
307103
407033
206456
658763
470323
235457
835246
761986
86956
847172
725906
832390
73583
430091
633041
298693
662310
623782
146712
750031
250831
393403
298178
387155
301220
130186
456929
471821
625262
30834
121182
906806
760864
611170
120520
464302
966961
372892
892709
182056
816086
884158
495607
231214
138457
194241
477681
132370
54158
474739
645976
835268
510554
345055
256888
742660
935637
405
27632
409456
353561
850243
705005
676200
820993
791245
993328
650553
902009
674238
908317
747713
492886
408309
723981
638037
316623
497520
272620
877802
470857
789044
35763
934651
783417
693300
818181
881037
110206
56079
336589
835001
499783
718120
893895
749111
515686
292459
35858
526700
690534
701819
563435
903760
871027
702429
365157
276299
887866
406233
891663
283919
624997
972545
854377
210416
450235
739557
687818
419277
40717
732707
301072
515935
420165
127871
244610
444679
317847
308703
572132
439734
977181
402786
457090
735948
787736
392693
538069
950660
320735
555110
807837
274373
766548
12199
597306
833238
326104
372597
962174
278786
413020
63151
54453
348264
244810
143053
604550
315992
466232
524368
80103
676181
631268
378220
481021
559408
609524
154935
778553
757798
114104
779433
805834
56713
520999
485991
369517
999056
521396
480716
108039
368557
736181
94408
586490
194389
537741
238282
235324
843089
563948
181195
544033
457355
972060
705056
104187
770846
643
261536
236447
699086
909396
25320
856561
6090
459292
785838
722339
444439
327795
491321
522111
405136
409472
153747
743616
402346
422305
383076
209300
64092
677627
967098
911888
939018
534033
172979
655357
223811
897605
192805
833073
46222
733107
486674
282062
315759
860830
913244
384090
237823
348809
83882
915479
454395
606150
560407
800125
159143
518298
525163
132924
378426
75551
322978
477428
78303
386395
459596
30389
845281
420846
942953
670673
344570
840305
485254
472745
910600
571715
816700
865127
159526
184805
959047
429418
448243
835189
723888
167589
624344
431815
200563
601132
303490
749035
395215
152598
164466
849498
777216
442803
916403
855554
95116
448051
237381
543383
609280
511852
649713
424355
677878
145073
634893
116613
108461
899969
306774
723540
915011
509209
609695
695026
840588
800199
425069
286567
446951
489496
739868
481933
55588
890970
91789
12600
430357
58706
442522
17860
740755
495148
518912
350753
131319
6205
845400
927928
158622
500006
467142
260146
549469
760352
79745
641428
704626
362066
372440
299162
558557
714927
973248
809140
982075
336230
703765
154559
502696
522912
990812
328256
809616
59019
999804
974468
696884
608592
508536
415266
146585
269494
585062
406068
948102
470699
497152
532343
770570
457909
181375
714592
59733
49331
57224
306214
936036
470609
251926
814684
950837
89070
618395
974126
562082
833320
809356
709991
872155
405570
530668
435983
455692
886918
271625
119664
961089
439914
364352
842646
73980
119054
650291
208391
204438
919021
93590
964913
581030
516196
781324
557392
720048
975934
502590
189985
509075
866405
890822
135329
