259346
921431
465021
310467
498111
866721
873612
493348
121401
679083
232230
486116
793193
927809
178469
385980
273139
56299
230741
607160
660515
976860
186015
726556
984809
343913
166113
143391
356018
48300
587759
610999
435753
40619
437791
355361
502086
373094
349204
617850
296184
373011
82172
317484
504740
234227
757105
119424
723536
280389
987354
120766
749647
898503
696547
263325
796637
593391
263136
818946
785862
251190
775124
166351
132536
809680
859018
525660
153988
177719
345943
827755
977254
948591
380296
754146
142661
507757
862871
6600
463717
526699
408360
667213
237847
921476
826113
648269
816814
657226
855473
930781
247324
503977
771963
295724
490436
941051
909743
797403
627843
281071
766268
989521
954068
309872
212193
518962
636519
425933
330627
493852
53893
792605
388004
992807
440839
427980
272785
89237
156725
891499
462985
38680
831532
970704
50596
863319
682383
982190
226872
253061
100570
369140
442271
280501
105125
110574
900152
801744
635546
289050
610694
384125
74299
89710
438983
186527
324244
612001
161764
291929
888153
187326
141290
473958
111819
622966
698439
148458
695497
868438
290880
155019
824783
864244
771145
55994
188014
302453
134913
674258
658429
159157
520200
75138
766006
79963
467642
34769
624031
729485
382730
365362
643212
719320
607038
396971
807412
790486
290614
269637
932456
423840
665867
36345
66837
930982
308476
959425
666109
669211
839006
414719
727707
296520
293868
21462
258970
862199
416399
814652
282122
141389
882371
298127
661506
117314
568114
969263
774008
998892
453285
176710
336836
633203
156461
357574
217084
209991
539405
813662
786304
777539
236688
490306
815706
471700
553217
14601
384961
283791
62105
282923
780623
23861
660626
539559
605639
582619
242488
287777
429199
620098
141210
182572
161068
842343
160569
491744
490050
24428
651192
719837
22469
65334
145646
312714
900040
923471
132034
521765
318206
904896
831423
86753
679369
632085
765276
443095
123054
615867
902374
916495
885257
714930
704967
265385
810187
614124
790717
992984
330199
675337
804260
884238
567055
536039
350425
658876
845387
108769
308181
196562
878410
566950
704978
372016
175533
453289
945680
47090
748877
824539
55546
141568
10152
435729
130970
651515
951819
650142
555971
362964
664882
623319
561451
589299
951326
126790
470701
574818
838902
901043
677857
447791
244417
90947
475149
825147
484720
632081
89999
369795
149057
148029
102232
348577
535790
349928
388073
118103
882058
471073
657641
991178
126713
821505
811304
417872
864136
940717
114115
558815
64488
371094
801497
59200
362130
502421
126277
632920
172587
372809
120596
923961
626586
273635
341555
664103
425361
667348
177579
125135
290152
80583
957606
706514
713431
119650
209239
230617
568703
495903
947133
204293
687507
89685
183449
472921
144321
457110
308636
370409
612402
777754
27216
265712
555821
394086
240178
515284
891252
170030
194094
290422
956671
482608
161116
892317
792226
677698
556619
518681
295395
483347
450712
866254
267479
999465
625673
422321
474146
497694
950751
800661
889784
967651
482979
772600
47689
559659
212854
237024
878884
479636
56369
162688
613558
219620
348672
502957
215576
887630
896682
653972
145716
940677
689965
774309
68762
376361
822950
200058
880687
568862
454641
630140
35037
639305
396531
829098
806113
706142
953312
62951
465318
545349
938420
425772
908387
710865
143008
847979
393327
98695
642351
893717
142586
491473
819909
790450
10899
497573
81556
469753
112257
886995
798308
927107
82883
984645
563854
115876
401936
823573
909565
737976
638475
421995
367961
995447
887088
516604
57651
70096
842042
134615
262252
423994
863886
952738
844685
375626
439171
261304
417619
239817
600615
414725
972299
952188
22476
635242
414594
64173
913083
334404
817433
662551
583707
675691
570541
496805
602230
169132
779401
108847
574453
53476
631638
353454
118095
254856
143076
5152
562673
240040
792003
420679
447479
609624
727199
613512
731718
447584
362576
11467
473221
980883
588780
97977
453985
757628
945920
169339
382576
83820
32652
358654
940755
974298
115984
7706
36965
571394
249894
628151
539015
826554
367094
69472
29633
614177
482713
695907
353275
195863
902462
744925
387614
64417
428407
175822
430111
62637
682874
829027
332705
901302
998362
347624
708308
617804
702494
313267
925660
851253
786028
560216
408358
568004
140436
562873
743719
111352
105755
291943
667542
291948
595698
812618
586901
822432
505649
814232
758640
895433
883083
344286
362069
873791
917076
182976
6827
414098
382871
465274
718923
83409
983949
204068
767488
250382
917221
314675
402180
138154
527461
46304
472601
261642
732666
56825
16363
295237
334027
589844
252775
45023
109088
975042
462912
532065
48810
707215
114641
728573
966425
789977
985154
378536
548638
82662
789776
531035
488557
103873
729693
725939
898778
837190
809741
857379
192577
296748
396148
405647
437710
147336
403360
500965
128755
540211
222876
388022
398650
157524
751484
58050
40981
642166
604503
771453
125859
533618
447648
587820
452682
334985
730858
574839
373310
762912
997523
52673
656196
404687
529817
98024
531574
279138
328776
149326
84394
950282
210064
119279
685840
293065
172600
149910
891531
741703
319856
591112
520494
746279
268329
231892
683472
6873
192271
913487
987385
277429
859224
854975
208966
464948
200905
413966
262760
382835
530401
218919
974337
31361
278346
517104
607228
830141
565462
153987
560480
426584
51064
271094
526495
953544
898554
165637
721456
424650
311895
876963
899995
660351
328064
283057
172681
869846
55672
751113
560556
489973
462294
293724
552222
701086
390969
486560
464081
871024
850349
287817
80303
935583
449834
661988
646357
498938
971826
113168
78527
530519
100389
105482
415579
830187
215980
121480
789810
288001
758675
573724
720129
186935
774005
630205
418670
534212
284036
189072
561627
175960
528593
235159
673641
579833
582424
51969
532776
15095
598215
968903
427970
912364
279165
44052
420819
305874
740935
425602
311457
239072
892666
394896
795602
673054
949588
612844
843717
88897
789484
284590
853138
706971
736682
115949
910312
770420
222166
490244
132257
376980
719866
826022
132620
988735
805117
231053
985495
150256
685710
365670
749509
598129
825342
455783
536816
976326
856
631925
536142
560269
894969
140247
329196
151366
139608
278236
129050
862123
10773
220595
714089
916913
113825
256610
966579
924382
571401
670128
654171
521402
937737
958873
146954
936085
217692
785687
794489
506759
337338
834519
199959
519193
645580
152473
535667
170747
655290
202285
29478
534100
810571
565812
623939
257038
786356
836655
470809
497531
849895
133022
611969
518533
632330
714308
108130
557294
770190
609262
524782
240197
240903
412329
990237
971403
478696
227127
491174
613287
116388
532346
93214
976163
429350
360627
309993
983015
839106
168157
8263
171283
445440
260777
797435
752903
400643
921591
280265
912819
228640
351342
856926
961107
221808
686751
561290
211054
427636
668488
549478
358321
906133
290094
665158
425871
